zipline-openvm v0.1.0 (/home/ubuntu/Zipline-Casper/zipline-openvm)
в”њв”Ђв”Ђ ssz-rs v0.8.0 (/home/ubuntu/Zipline-Casper/finality-client/libs/ssz-rs/ssz-rs)
в”‚   в”њв”Ђв”Ђ num-bigint v0.4.6
в”‚   в”‚   в”њв”Ђв”Ђ num-integer feature "i128"
в”‚   в”‚   в”‚   в””в”Ђв”Ђ num-integer v0.1.46
в”‚   в”‚   в”‚       в””в”Ђв”Ђ num-traits feature "i128"
в”‚   в”‚   в”‚           в””в”Ђв”Ђ num-traits v0.2.19
в”‚   в”‚   в”‚               [build-dependencies]
в”‚   в”‚   в”‚               в””в”Ђв”Ђ autocfg feature "default"
в”‚   в”‚   в”‚                   в””в”Ђв”Ђ autocfg v1.4.0
в”‚   в”‚   в””в”Ђв”Ђ num-traits feature "i128" (*)
в”‚   в”њв”Ђв”Ђ sha2 v0.9.9
в”‚   в”‚   в”њв”Ђв”Ђ cfg-if feature "default"
в”‚   в”‚   в”‚   в””в”Ђв”Ђ cfg-if v1.0.0
в”‚   в”‚   в”њв”Ђв”Ђ block-buffer feature "default"
в”‚   в”‚   в”‚   в””в”Ђв”Ђ block-buffer v0.9.0
в”‚   в”‚   в”‚       в””в”Ђв”Ђ generic-array feature "default"
в”‚   в”‚   в”‚           в””в”Ђв”Ђ generic-array v0.14.7
в”‚   в”‚   в”‚               в”њв”Ђв”Ђ zeroize v1.8.1
в”‚   в”‚   в”‚               в””в”Ђв”Ђ typenum feature "default"
в”‚   в”‚   в”‚                   в””в”Ђв”Ђ typenum v1.18.0
в”‚   в”‚   в”‚               [build-dependencies]
в”‚   в”‚   в”‚               в””в”Ђв”Ђ version_check feature "default"
в”‚   в”‚   в”‚                   в””в”Ђв”Ђ version_check v0.9.5
в”‚   в”‚   в”њв”Ђв”Ђ digest feature "default"
в”‚   в”‚   в”‚   в””в”Ђв”Ђ digest v0.9.0
в”‚   в”‚   в”‚       в””в”Ђв”Ђ generic-array feature "default" (*)
в”‚   в”‚   в””в”Ђв”Ђ opaque-debug feature "default"
в”‚   в”‚       в””в”Ђв”Ђ opaque-debug v0.3.1
в”‚   в”њв”Ђв”Ђ serde feature "default"
в”‚   в”‚   в”њв”Ђв”Ђ serde v1.0.219
в”‚   в”‚   в”‚   в””в”Ђв”Ђ serde_derive feature "default"
в”‚   в”‚   в”‚       в””в”Ђв”Ђ serde_derive v1.0.219 (proc-macro)
в”‚   в”‚   в”‚           в”њв”Ђв”Ђ syn feature "clone-impls"
в”‚   в”‚   в”‚           в”‚   в””в”Ђв”Ђ syn v2.0.101
в”‚   в”‚   в”‚           в”‚       в”њв”Ђв”Ђ proc-macro2 v1.0.95
в”‚   в”‚   в”‚           в”‚       в”‚   в””в”Ђв”Ђ unicode-ident feature "default"
в”‚   в”‚   в”‚           в”‚       в”‚       в””в”Ђв”Ђ unicode-ident v1.0.18
в”‚   в”‚   в”‚           в”‚       в”њв”Ђв”Ђ quote v1.0.40
в”‚   в”‚   в”‚           в”‚       в”‚   в””в”Ђв”Ђ proc-macro2 v1.0.95 (*)
в”‚   в”‚   в”‚           в”‚       в””в”Ђв”Ђ unicode-ident feature "default" (*)
в”‚   в”‚   в”‚           в”њв”Ђв”Ђ syn feature "derive"
в”‚   в”‚   в”‚           в”‚   в””в”Ђв”Ђ syn v2.0.101 (*)
в”‚   в”‚   в”‚           в”њв”Ђв”Ђ syn feature "parsing"
в”‚   в”‚   в”‚           в”‚   в””в”Ђв”Ђ syn v2.0.101 (*)
в”‚   в”‚   в”‚           в”њв”Ђв”Ђ syn feature "printing"
в”‚   в”‚   в”‚           в”‚   в””в”Ђв”Ђ syn v2.0.101 (*)
в”‚   в”‚   в”‚           в”њв”Ђв”Ђ syn feature "proc-macro"
в”‚   в”‚   в”‚           в”‚   в”њв”Ђв”Ђ syn v2.0.101 (*)
в”‚   в”‚   в”‚           в”‚   в”њв”Ђв”Ђ proc-macro2 feature "proc-macro"
в”‚   в”‚   в”‚           в”‚   в”‚   в””в”Ђв”Ђ proc-macro2 v1.0.95 (*)
в”‚   в”‚   в”‚           в”‚   в””в”Ђв”Ђ quote feature "proc-macro"
в”‚   в”‚   в”‚           в”‚       в”њв”Ђв”Ђ quote v1.0.40 (*)
в”‚   в”‚   в”‚           в”‚       в””в”Ђв”Ђ proc-macro2 feature "proc-macro" (*)
в”‚   в”‚   в”‚           в”њв”Ђв”Ђ proc-macro2 feature "proc-macro" (*)
в”‚   в”‚   в”‚           в””в”Ђв”Ђ quote feature "proc-macro" (*)
в”‚   в”‚   в””в”Ђв”Ђ serde feature "std"
в”‚   в”‚       в””в”Ђв”Ђ serde v1.0.219 (*)
в”‚   в”њв”Ђв”Ђ serde feature "derive"
в”‚   в”‚   в”њв”Ђв”Ђ serde v1.0.219 (*)
в”‚   в”‚   в””в”Ђв”Ђ serde feature "serde_derive"
в”‚   в”‚       в””в”Ђв”Ђ serde v1.0.219 (*)
в”‚   в”њв”Ђв”Ђ bitvec feature "alloc"
в”‚   в”‚   в””в”Ђв”Ђ bitvec v1.0.1
в”‚   в”‚       в”њв”Ђв”Ђ funty v2.0.0
в”‚   в”‚       в”њв”Ђв”Ђ wyz v0.5.1
в”‚   в”‚       в”‚   в””в”Ђв”Ђ tap feature "default"
в”‚   в”‚       в”‚       в””в”Ђв”Ђ tap v1.0.1
в”‚   в”‚       в”њв”Ђв”Ђ radium feature "default"
в”‚   в”‚       в”‚   в””в”Ђв”Ђ radium v0.7.0
в”‚   в”‚       в””в”Ђв”Ђ tap feature "default" (*)
в”‚   в”њв”Ђв”Ђ hex feature "default"
в”‚   в”‚   в”њв”Ђв”Ђ hex v0.4.3
в”‚   в”‚   в”‚   в””в”Ђв”Ђ serde v1.0.219 (*)
в”‚   в”‚   в””в”Ђв”Ђ hex feature "std"
в”‚   в”‚       в”њв”Ђв”Ђ hex v0.4.3 (*)
в”‚   в”‚       в””в”Ђв”Ђ hex feature "alloc"
в”‚   в”‚           в””в”Ђв”Ђ hex v0.4.3 (*)
в”‚   в”њв”Ђв”Ђ log feature "default"
в”‚   в”‚   в””в”Ђв”Ђ log v0.4.27
в”‚   в”њв”Ђв”Ђ ssz-rs-derive feature "default"
в”‚   в”‚   в””в”Ђв”Ђ ssz-rs-derive v0.8.0 (proc-macro) (/home/ubuntu/Zipline-Casper/finality-client/libs/ssz-rs/ssz-rs-derive)
в”‚   в”‚       в”њв”Ђв”Ђ proc-macro2 feature "default"
в”‚   в”‚       в”‚   в”њв”Ђв”Ђ proc-macro2 v1.0.95 (*)
в”‚   в”‚       в”‚   в””в”Ђв”Ђ proc-macro2 feature "proc-macro" (*)
в”‚   в”‚       в”њв”Ђв”Ђ quote feature "default"
в”‚   в”‚       в”‚   в”њв”Ђв”Ђ quote v1.0.40 (*)
в”‚   в”‚       в”‚   в””в”Ђв”Ђ quote feature "proc-macro" (*)
в”‚   в”‚       в””в”Ђв”Ђ syn feature "default"
в”‚   в”‚           в”њв”Ђв”Ђ syn v1.0.109
в”‚   в”‚           в”‚   в”њв”Ђв”Ђ proc-macro2 v1.0.95 (*)
в”‚   в”‚           в”‚   в”њв”Ђв”Ђ quote v1.0.40 (*)
в”‚   в”‚           в”‚   в””в”Ђв”Ђ unicode-ident feature "default" (*)
в”‚   в”‚           в”њв”Ђв”Ђ syn feature "clone-impls"
в”‚   в”‚           в”‚   в””в”Ђв”Ђ syn v1.0.109 (*)
в”‚   в”‚           в”њв”Ђв”Ђ syn feature "derive"
в”‚   в”‚           в”‚   в””в”Ђв”Ђ syn v1.0.109 (*)
в”‚   в”‚           в”њв”Ђв”Ђ syn feature "parsing"
в”‚   в”‚           в”‚   в””в”Ђв”Ђ syn v1.0.109 (*)
в”‚   в”‚           в”њв”Ђв”Ђ syn feature "printing"
в”‚   в”‚           в”‚   в”њв”Ђв”Ђ syn v1.0.109 (*)
в”‚   в”‚           в”‚   в””в”Ђв”Ђ syn feature "quote"
в”‚   в”‚           в”‚       в””в”Ђв”Ђ syn v1.0.109 (*)
в”‚   в”‚           в””в”Ђв”Ђ syn feature "proc-macro"
в”‚   в”‚               в”њв”Ђв”Ђ syn v1.0.109 (*)
в”‚   в”‚               в”њв”Ђв”Ђ proc-macro2 feature "proc-macro" (*)
в”‚   в”‚               в”њв”Ђв”Ђ quote feature "proc-macro" (*)
в”‚   в”‚               в””в”Ђв”Ђ syn feature "quote" (*)
в”‚   в””в”Ђв”Ђ thiserror feature "default"
в”‚       в””в”Ђв”Ђ thiserror v1.0.69
в”‚           в””в”Ђв”Ђ thiserror-impl feature "default"
в”‚               в””в”Ђв”Ђ thiserror-impl v1.0.69 (proc-macro)
в”‚                   в”њв”Ђв”Ђ syn feature "default"
в”‚                   в”‚   в”њв”Ђв”Ђ syn v2.0.101 (*)
в”‚                   в”‚   в”њв”Ђв”Ђ syn feature "clone-impls" (*)
в”‚                   в”‚   в”њв”Ђв”Ђ syn feature "derive" (*)
в”‚                   в”‚   в”њв”Ђв”Ђ syn feature "parsing" (*)
в”‚                   в”‚   в”њв”Ђв”Ђ syn feature "printing" (*)
в”‚                   в”‚   в””в”Ђв”Ђ syn feature "proc-macro" (*)
в”‚                   в”њв”Ђв”Ђ proc-macro2 feature "default" (*)
в”‚                   в””в”Ђв”Ђ quote feature "default" (*)
в”‚   [build-dependencies]
в”‚   в””в”Ђв”Ђ sha2 v0.9.9
в”‚       в”њв”Ђв”Ђ block-buffer feature "default"
в”‚       в”‚   в””в”Ђв”Ђ block-buffer v0.9.0
в”‚       в”‚       в””в”Ђв”Ђ generic-array feature "default"
в”‚       в”‚           в””в”Ђв”Ђ generic-array v0.14.7
в”‚       в”‚               в”њв”Ђв”Ђ zeroize v1.8.1
в”‚       в”‚               в””в”Ђв”Ђ typenum feature "default"
в”‚       в”‚                   в””в”Ђв”Ђ typenum v1.18.0
в”‚       в”‚               [build-dependencies]
в”‚       в”‚               в””в”Ђв”Ђ version_check feature "default" (*)
в”‚       в”њв”Ђв”Ђ cfg-if feature "default"
в”‚       в”‚   в””в”Ђв”Ђ cfg-if v1.0.0
в”‚       в”њв”Ђв”Ђ cpufeatures feature "default"
в”‚       в”‚   в””в”Ђв”Ђ cpufeatures v0.2.17
в”‚       в”њв”Ђв”Ђ digest feature "default"
в”‚       в”‚   в””в”Ђв”Ђ digest v0.9.0
в”‚       в”‚       в””в”Ђв”Ђ generic-array feature "default" (*)
в”‚       в””в”Ђв”Ђ opaque-debug feature "default"
в”‚           в””в”Ђв”Ђ opaque-debug v0.3.1
в”њв”Ђв”Ђ crypto feature "default"
в”‚   в””в”Ђв”Ђ crypto v0.1.0 (/home/ubuntu/Zipline-Casper/finality-client/libs/crypto)
в”‚       в”њв”Ђв”Ђ digest feature "default"
в”‚       в”‚   в”њв”Ђв”Ђ digest v0.10.7
в”‚       в”‚   в”‚   в”њв”Ђв”Ђ subtle v2.6.1
в”‚       в”‚   в”‚   в”њв”Ђв”Ђ block-buffer feature "default"
в”‚       в”‚   в”‚   в”‚   в””в”Ђв”Ђ block-buffer v0.10.4
в”‚       в”‚   в”‚   в”‚       в””в”Ђв”Ђ generic-array feature "default" (*)
в”‚       в”‚   в”‚   в”њв”Ђв”Ђ const-oid feature "default"
в”‚       в”‚   в”‚   в”‚   в””в”Ђв”Ђ const-oid v0.9.6
в”‚       в”‚   в”‚   в””в”Ђв”Ђ crypto-common feature "default"
в”‚       в”‚   в”‚       в””в”Ђв”Ђ crypto-common v0.1.6
в”‚       в”‚   в”‚           в”њв”Ђв”Ђ generic-array feature "default" (*)
в”‚       в”‚   в”‚           в”њв”Ђв”Ђ generic-array feature "more_lengths"
в”‚       в”‚   в”‚           в”‚   в””в”Ђв”Ђ generic-array v0.14.7 (*)
в”‚       в”‚   в”‚           в””в”Ђв”Ђ typenum feature "default" (*)
в”‚       в”‚   в””в”Ђв”Ђ digest feature "core-api"
в”‚       в”‚       в”њв”Ђв”Ђ digest v0.10.7 (*)
в”‚       в”‚       в””в”Ђв”Ђ digest feature "block-buffer"
в”‚       в”‚           в””в”Ђв”Ђ digest v0.10.7 (*)
в”‚       в”њв”Ђв”Ђ openvm-algebra-guest feature "default"
в”‚       в”‚   в””в”Ђв”Ђ openvm-algebra-guest v1.1.2 (https://github.com/openvm-org/openvm.git?rev=f0477ab8ee276bf102afb508cbb53a63efed9711#f0477ab8)
в”‚       в”‚       в”њв”Ђв”Ђ openvm-algebra-complex-macros v0.1.0 (proc-macro) (https://github.com/openvm-org/openvm.git?rev=f0477ab8ee276bf102afb508cbb53a63efed9711#f0477ab8)
в”‚       в”‚       в”‚   в”њв”Ђв”Ђ openvm-macros-common v1.1.2 (https://github.com/openvm-org/openvm.git?rev=f0477ab8ee276bf102afb508cbb53a63efed9711#f0477ab8)
в”‚       в”‚       в”‚   в”‚   в”њв”Ђв”Ђ syn feature "default" (*)
в”‚       в”‚       в”‚   в”‚   в””в”Ђв”Ђ syn feature "full"
в”‚       в”‚       в”‚   в”‚       в””в”Ђв”Ђ syn v2.0.101 (*)
в”‚       в”‚       в”‚   в”њв”Ђв”Ђ syn feature "default" (*)
в”‚       в”‚       в”‚   в”њв”Ђв”Ђ syn feature "full" (*)
в”‚       в”‚       в”‚   в””в”Ђв”Ђ quote feature "default" (*)
в”‚       в”‚       в”њв”Ђв”Ђ openvm-algebra-moduli-macros v1.1.2 (proc-macro) (https://github.com/openvm-org/openvm.git?rev=f0477ab8ee276bf102afb508cbb53a63efed9711#f0477ab8)
в”‚       в”‚       в”‚   в”њв”Ђв”Ђ openvm-macros-common v1.1.2 (https://github.com/openvm-org/openvm.git?rev=f0477ab8ee276bf102afb508cbb53a63efed9711#f0477ab8) (*)
в”‚       в”‚       в”‚   в”њв”Ђв”Ђ syn feature "default" (*)
в”‚       в”‚       в”‚   в”њв”Ђв”Ђ syn feature "full" (*)
в”‚       в”‚       в”‚   в””в”Ђв”Ђ quote feature "default" (*)
в”‚       в”‚       в”њв”Ђв”Ђ serde-big-array feature "default"
в”‚       в”‚       в”‚   в””в”Ђв”Ђ serde-big-array v0.5.1
в”‚       в”‚       в”‚       в””в”Ђв”Ђ serde v1.0.219 (*)
в”‚       в”‚       в””в”Ђв”Ђ strum_macros feature "default"
в”‚       в”‚           в””в”Ђв”Ђ strum_macros v0.26.4 (proc-macro)
в”‚       в”‚               в”њв”Ђв”Ђ syn feature "default" (*)
в”‚       в”‚               в”њв”Ђв”Ђ syn feature "extra-traits"
в”‚       в”‚               в”‚   в””в”Ђв”Ђ syn v2.0.101 (*)
в”‚       в”‚               в”њв”Ђв”Ђ syn feature "parsing" (*)
в”‚       в”‚               в”њв”Ђв”Ђ proc-macro2 feature "default" (*)
в”‚       в”‚               в”њв”Ђв”Ђ quote feature "default" (*)
в”‚       в”‚               в”њв”Ђв”Ђ heck feature "default"
в”‚       в”‚               в”‚   в””в”Ђв”Ђ heck v0.5.0
в”‚       в”‚               в””в”Ђв”Ђ rustversion feature "default"
в”‚       в”‚                   в””в”Ђв”Ђ rustversion v1.0.21 (proc-macro)
в”‚       в”њв”Ђв”Ђ openvm-ecc-guest feature "default"
в”‚       в”‚   в””в”Ђв”Ђ openvm-ecc-guest v1.1.2 (https://github.com/openvm-org/openvm.git?rev=f0477ab8ee276bf102afb508cbb53a63efed9711#f0477ab8)
в”‚       в”‚       в”њв”Ђв”Ђ hex-literal v0.4.1
в”‚       в”‚       в”њв”Ђв”Ђ openvm v1.1.2 (https://github.com/openvm-org/openvm.git?rev=f0477ab8ee276bf102afb508cbb53a63efed9711#f0477ab8)
в”‚       в”‚       в”‚   в”њв”Ђв”Ђ openvm-custom-insn v0.1.0 (proc-macro) (https://github.com/openvm-org/openvm.git?rev=f0477ab8ee276bf102afb508cbb53a63efed9711#f0477ab8)
в”‚       в”‚       в”‚   в”‚   в”њв”Ђв”Ђ syn feature "default" (*)
в”‚       в”‚       в”‚   в”‚   в”њв”Ђв”Ђ syn feature "full" (*)
в”‚       в”‚       в”‚   в”‚   в”њв”Ђв”Ђ proc-macro2 feature "default" (*)
в”‚       в”‚       в”‚   в”‚   в””в”Ђв”Ђ quote feature "default" (*)
в”‚       в”‚       в”‚   в”њв”Ђв”Ђ openvm-rv32im-guest v1.1.2 (https://github.com/openvm-org/openvm.git?rev=f0477ab8ee276bf102afb508cbb53a63efed9711#f0477ab8)
в”‚       в”‚       в”‚   в”‚   в”њв”Ђв”Ђ openvm-custom-insn v0.1.0 (proc-macro) (https://github.com/openvm-org/openvm.git?rev=f0477ab8ee276bf102afb508cbb53a63efed9711#f0477ab8) (*)
в”‚       в”‚       в”‚   в”‚   в””в”Ђв”Ђ strum_macros feature "default" (*)
в”‚       в”‚       в”‚   в”њв”Ђв”Ђ serde feature "alloc"
в”‚       в”‚       в”‚   в”‚   в””в”Ђв”Ђ serde v1.0.219 (*)
в”‚       в”‚       в”‚   в”њв”Ђв”Ђ serde feature "derive" (*)
в”‚       в”‚       в”‚   в”њв”Ђв”Ђ bytemuck feature "extern_crate_alloc"
в”‚       в”‚       в”‚   в”‚   в””в”Ђв”Ђ bytemuck v1.23.0
в”‚       в”‚       в”‚   в”њв”Ђв”Ђ openvm-platform feature "export-getrandom"
в”‚       в”‚       в”‚   в”‚   в””в”Ђв”Ђ openvm-platform v1.1.2 (https://github.com/openvm-org/openvm.git?rev=f0477ab8ee276bf102afb508cbb53a63efed9711#f0477ab8)
в”‚       в”‚       в”‚   в”‚       в”њв”Ђв”Ђ openvm-custom-insn v0.1.0 (proc-macro) (https://github.com/openvm-org/openvm.git?rev=f0477ab8ee276bf102afb508cbb53a63efed9711#f0477ab8) (*)
в”‚       в”‚       в”‚   в”‚       в”њв”Ђв”Ђ openvm-rv32im-guest v1.1.2 (https://github.com/openvm-org/openvm.git?rev=f0477ab8ee276bf102afb508cbb53a63efed9711#f0477ab8) (*)
в”‚       в”‚       в”‚   в”‚       в”њв”Ђв”Ђ getrandom feature "custom"
в”‚       в”‚       в”‚   в”‚       в”‚   в””в”Ђв”Ђ getrandom v0.2.16
в”‚       в”‚       в”‚   в”‚       в”‚       в””в”Ђв”Ђ cfg-if feature "default" (*)
в”‚       в”‚       в”‚   в”‚       в”њв”Ђв”Ђ getrandom feature "default"
в”‚       в”‚       в”‚   в”‚       в”‚   в””в”Ђв”Ђ getrandom v0.2.16 (*)
в”‚       в”‚       в”‚   в”‚       в””в”Ђв”Ђ libm feature "default"
в”‚       в”‚       в”‚   в”‚           в”њв”Ђв”Ђ libm v0.2.15
в”‚       в”‚       в”‚   в”‚           в””в”Ђв”Ђ libm feature "arch"
в”‚       в”‚       в”‚   в”‚               в””в”Ђв”Ђ libm v0.2.15
в”‚       в”‚       в”‚   в””в”Ђв”Ђ openvm-platform feature "rust-runtime"
в”‚       в”‚       в”‚       в”њв”Ђв”Ђ openvm-platform v1.1.2 (https://github.com/openvm-org/openvm.git?rev=f0477ab8ee276bf102afb508cbb53a63efed9711#f0477ab8) (*)
в”‚       в”‚       в”‚       в””в”Ђв”Ђ openvm-platform feature "export-libm"
в”‚       в”‚       в”‚           в””в”Ђв”Ђ openvm-platform v1.1.2 (https://github.com/openvm-org/openvm.git?rev=f0477ab8ee276bf102afb508cbb53a63efed9711#f0477ab8) (*)
в”‚       в”‚       в”њв”Ђв”Ђ openvm-algebra-guest v1.1.2 (https://github.com/openvm-org/openvm.git?rev=f0477ab8ee276bf102afb508cbb53a63efed9711#f0477ab8) (*)
в”‚       в”‚       в”њв”Ђв”Ђ openvm-algebra-moduli-macros v1.1.2 (proc-macro) (https://github.com/openvm-org/openvm.git?rev=f0477ab8ee276bf102afb508cbb53a63efed9711#f0477ab8) (*)
в”‚       в”‚       в”њв”Ђв”Ђ openvm-custom-insn v0.1.0 (proc-macro) (https://github.com/openvm-org/openvm.git?rev=f0477ab8ee276bf102afb508cbb53a63efed9711#f0477ab8) (*)
в”‚       в”‚       в”њв”Ђв”Ђ openvm-ecc-sw-macros v1.1.2 (proc-macro) (https://github.com/openvm-org/openvm.git?rev=f0477ab8ee276bf102afb508cbb53a63efed9711#f0477ab8)
в”‚       в”‚       в”‚   в”њв”Ђв”Ђ openvm-macros-common v1.1.2 (https://github.com/openvm-org/openvm.git?rev=f0477ab8ee276bf102afb508cbb53a63efed9711#f0477ab8) (*)
в”‚       в”‚       в”‚   в”њв”Ђв”Ђ syn feature "default" (*)
в”‚       в”‚       в”‚   в”њв”Ђв”Ђ syn feature "full" (*)
в”‚       в”‚       в”‚   в””в”Ђв”Ђ quote feature "default" (*)
в”‚       в”‚       в”њв”Ђв”Ђ openvm-rv32im-guest v1.1.2 (https://github.com/openvm-org/openvm.git?rev=f0477ab8ee276bf102afb508cbb53a63efed9711#f0477ab8) (*)
в”‚       в”‚       в”њв”Ђв”Ђ serde feature "derive" (*)
в”‚       в”‚       в”њв”Ђв”Ђ strum_macros feature "default" (*)
в”‚       в”‚       в”њв”Ђв”Ђ ecdsa feature "verifying"
в”‚       в”‚       в”‚   в”њв”Ђв”Ђ ecdsa v0.16.9
в”‚       в”‚       в”‚   в”‚   в”њв”Ђв”Ђ digest feature "oid"
в”‚       в”‚       в”‚   в”‚   в”‚   в”њв”Ђв”Ђ digest v0.10.7 (*)
в”‚       в”‚       в”‚   в”‚   в”‚   в””в”Ђв”Ђ digest feature "const-oid"
в”‚       в”‚       в”‚   в”‚   в”‚       в””в”Ђв”Ђ digest v0.10.7 (*)
в”‚       в”‚       в”‚   в”‚   в”њв”Ђв”Ђ elliptic-curve feature "digest"
в”‚       в”‚       в”‚   в”‚   в”‚   в””в”Ђв”Ђ elliptic-curve v0.13.8
в”‚       в”‚       в”‚   в”‚   в”‚       в”њв”Ђв”Ђ ff v0.13.1
в”‚       в”‚       в”‚   в”‚   в”‚       в”‚   в”њв”Ђв”Ђ bitvec v1.0.1 (*)
в”‚       в”‚       в”‚   в”‚   в”‚       в”‚   в”њв”Ђв”Ђ rand_core v0.6.4
в”‚       в”‚       в”‚   в”‚   в”‚       в”‚   в”‚   в””в”Ђв”Ђ getrandom feature "default" (*)
в”‚       в”‚       в”‚   в”‚   в”‚       в”‚   в””в”Ђв”Ђ subtle feature "i128"
в”‚       в”‚       в”‚   в”‚   в”‚       в”‚       в””в”Ђв”Ђ subtle v2.6.1
в”‚       в”‚       в”‚   в”‚   в”‚       в”њв”Ђв”Ђ group v0.13.0
в”‚       в”‚       в”‚   в”‚   в”‚       в”‚   в”њв”Ђв”Ђ ff v0.13.1 (*)
в”‚       в”‚       в”‚   в”‚   в”‚       в”‚   в”њв”Ђв”Ђ rand_core v0.6.4 (*)
в”‚       в”‚       в”‚   в”‚   в”‚       в”‚   в””в”Ђв”Ђ subtle v2.6.1
в”‚       в”‚       в”‚   в”‚   в”‚       в”њв”Ђв”Ђ rand_core v0.6.4 (*)
в”‚       в”‚       в”‚   в”‚   в”‚       в”њв”Ђв”Ђ subtle v2.6.1
в”‚       в”‚       в”‚   в”‚   в”‚       в”њв”Ђв”Ђ zeroize v1.8.1
в”‚       в”‚       в”‚   в”‚   в”‚       в”њв”Ђв”Ђ digest feature "default" (*)
в”‚       в”‚       в”‚   в”‚   в”‚       в”њв”Ђв”Ђ generic-array feature "zeroize"
в”‚       в”‚       в”‚   в”‚   в”‚       в”‚   в””в”Ђв”Ђ generic-array v0.14.7 (*)
в”‚       в”‚       в”‚   в”‚   в”‚       в”њв”Ђв”Ђ base16ct feature "default"
в”‚       в”‚       в”‚   в”‚   в”‚       в”‚   в””в”Ђв”Ђ base16ct v0.2.0
в”‚       в”‚       в”‚   в”‚   в”‚       в”њв”Ђв”Ђ crypto-bigint feature "generic-array"
в”‚       в”‚       в”‚   в”‚   в”‚       в”‚   в””в”Ђв”Ђ crypto-bigint v0.5.5
в”‚       в”‚       в”‚   в”‚   в”‚       в”‚       в”њв”Ђв”Ђ subtle v2.6.1
в”‚       в”‚       в”‚   в”‚   в”‚       в”‚       в”њв”Ђв”Ђ zeroize v1.8.1
в”‚       в”‚       в”‚   в”‚   в”‚       в”‚       в”њв”Ђв”Ђ generic-array feature "default" (*)
в”‚       в”‚       в”‚   в”‚   в”‚       в”‚       в””в”Ђв”Ђ rand_core feature "default"
в”‚       в”‚       в”‚   в”‚   в”‚       в”‚           в””в”Ђв”Ђ rand_core v0.6.4 (*)
в”‚       в”‚       в”‚   в”‚   в”‚       в”њв”Ђв”Ђ crypto-bigint feature "rand_core"
в”‚       в”‚       в”‚   в”‚   в”‚       в”‚   в””в”Ђв”Ђ crypto-bigint v0.5.5 (*)
в”‚       в”‚       в”‚   в”‚   в”‚       в”њв”Ђв”Ђ crypto-bigint feature "zeroize"
в”‚       в”‚       в”‚   в”‚   в”‚       в”‚   в””в”Ђв”Ђ crypto-bigint v0.5.5 (*)
в”‚       в”‚       в”‚   в”‚   в”‚       в”њв”Ђв”Ђ sec1 feature "default"
в”‚       в”‚       в”‚   в”‚   в”‚       в”‚   в”њв”Ђв”Ђ sec1 v0.7.3
в”‚       в”‚       в”‚   в”‚   в”‚       в”‚   в”‚   в”њв”Ђв”Ђ base16ct v0.2.0
в”‚       в”‚       в”‚   в”‚   в”‚       в”‚   в”‚   в”њв”Ђв”Ђ generic-array v0.14.7 (*)
в”‚       в”‚       в”‚   в”‚   в”‚       в”‚   в”‚   в”њв”Ђв”Ђ subtle v2.6.1
в”‚       в”‚       в”‚   в”‚   в”‚       в”‚   в”‚   в”њв”Ђв”Ђ zeroize v1.8.1
в”‚       в”‚       в”‚   в”‚   в”‚       в”‚   в”‚   в”њв”Ђв”Ђ der feature "default"
в”‚       в”‚       в”‚   в”‚   в”‚       в”‚   в”‚   в”‚   в””в”Ђв”Ђ der v0.7.10
в”‚       в”‚       в”‚   в”‚   в”‚       в”‚   в”‚   в”‚       в”њв”Ђв”Ђ zeroize v1.8.1
в”‚       в”‚       в”‚   в”‚   в”‚       в”‚   в”‚   в”‚       в””в”Ђв”Ђ const-oid feature "default" (*)
в”‚       в”‚       в”‚   в”‚   в”‚       в”‚   в”‚   в””в”Ђв”Ђ der feature "oid"
в”‚       в”‚       в”‚   в”‚   в”‚       в”‚   в”‚       в””в”Ђв”Ђ der v0.7.10 (*)
в”‚       в”‚       в”‚   в”‚   в”‚       в”‚   в”њв”Ђв”Ђ sec1 feature "der"
в”‚       в”‚       в”‚   в”‚   в”‚       в”‚   в”‚   в”њв”Ђв”Ђ sec1 v0.7.3 (*)
в”‚       в”‚       в”‚   в”‚   в”‚       в”‚   в”‚   в””в”Ђв”Ђ sec1 feature "zeroize"
в”‚       в”‚       в”‚   в”‚   в”‚       в”‚   в”‚       в”њв”Ђв”Ђ sec1 v0.7.3 (*)
в”‚       в”‚       в”‚   в”‚   в”‚       в”‚   в”‚       в””в”Ђв”Ђ der feature "zeroize"
в”‚       в”‚       в”‚   в”‚   в”‚       в”‚   в”‚           в””в”Ђв”Ђ der v0.7.10 (*)
в”‚       в”‚       в”‚   в”‚   в”‚       в”‚   в””в”Ђв”Ђ sec1 feature "point"
в”‚       в”‚       в”‚   в”‚   в”‚       в”‚       в””в”Ђв”Ђ sec1 v0.7.3 (*)
в”‚       в”‚       в”‚   в”‚   в”‚       в”њв”Ђв”Ђ sec1 feature "subtle"
в”‚       в”‚       в”‚   в”‚   в”‚       в”‚   в””в”Ђв”Ђ sec1 v0.7.3 (*)
в”‚       в”‚       в”‚   в”‚   в”‚       в””в”Ђв”Ђ sec1 feature "zeroize" (*)
в”‚       в”‚       в”‚   в”‚   в”њв”Ђв”Ђ elliptic-curve feature "sec1"
в”‚       в”‚       в”‚   в”‚   в”‚   в””в”Ђв”Ђ elliptic-curve v0.13.8 (*)
в”‚       в”‚       в”‚   в”‚   в””в”Ђв”Ђ signature feature "rand_core"
в”‚       в”‚       в”‚   в”‚       в””в”Ђв”Ђ signature v2.2.0
в”‚       в”‚       в”‚   в”‚           в”њв”Ђв”Ђ digest v0.10.7 (*)
в”‚       в”‚       в”‚   в”‚           в””в”Ђв”Ђ rand_core v0.6.4 (*)
в”‚       в”‚       в”‚   в”њв”Ђв”Ђ ecdsa feature "arithmetic"
в”‚       в”‚       в”‚   в”‚   в”њв”Ђв”Ђ ecdsa v0.16.9 (*)
в”‚       в”‚       в”‚   в”‚   в””в”Ђв”Ђ elliptic-curve feature "arithmetic"
в”‚       в”‚       в”‚   в”‚       в”њв”Ђв”Ђ elliptic-curve v0.13.8 (*)
в”‚       в”‚       в”‚   в”‚       в””в”Ђв”Ђ elliptic-curve feature "group"
в”‚       в”‚       в”‚   в”‚           в”њв”Ђв”Ђ elliptic-curve v0.13.8 (*)
в”‚       в”‚       в”‚   в”‚           в””в”Ђв”Ђ elliptic-curve feature "ff"
в”‚       в”‚       в”‚   в”‚               в””в”Ђв”Ђ elliptic-curve v0.13.8 (*)
в”‚       в”‚       в”‚   в”њв”Ђв”Ђ ecdsa feature "digest"
в”‚       в”‚       в”‚   в”‚   в”њв”Ђв”Ђ ecdsa v0.16.9 (*)
в”‚       в”‚       в”‚   в”‚   в””в”Ђв”Ђ signature feature "digest"
в”‚       в”‚       в”‚   в”‚       в””в”Ђв”Ђ signature v2.2.0 (*)
в”‚       в”‚       в”‚   в””в”Ђв”Ђ ecdsa feature "hazmat"
в”‚       в”‚       в”‚       в””в”Ђв”Ђ ecdsa v0.16.9 (*)
в”‚       в”‚       в”њв”Ђв”Ђ elliptic-curve feature "arithmetic" (*)
в”‚       в”‚       в”њв”Ђв”Ђ elliptic-curve feature "sec1" (*)
в”‚       в”‚       в”њв”Ђв”Ђ group feature "default"
в”‚       в”‚       в”‚   в”њв”Ђв”Ђ group v0.13.0 (*)
в”‚       в”‚       в”‚   в””в”Ђв”Ђ group feature "alloc"
в”‚       в”‚       в”‚       в””в”Ђв”Ђ group v0.13.0 (*)
в”‚       в”‚       в”њв”Ђв”Ђ halo2curves-axiom feature "default"
в”‚       в”‚       в”‚   в”њв”Ђв”Ђ halo2curves-axiom v0.7.0
в”‚       в”‚       в”‚   в”‚   в”њв”Ђв”Ђ rand_core v0.6.4 (*)
в”‚       в”‚       в”‚   в”‚   в”њв”Ђв”Ђ serde v1.0.219 (*)
в”‚       в”‚       в”‚   в”‚   в”њв”Ђв”Ђ digest feature "default" (*)
в”‚       в”‚       в”‚   в”‚   в”њв”Ђв”Ђ subtle feature "default"
в”‚       в”‚       в”‚   в”‚   в”‚   в”њв”Ђв”Ђ subtle v2.6.1
в”‚       в”‚       в”‚   в”‚   в”‚   в”њв”Ђв”Ђ subtle feature "i128" (*)
в”‚       в”‚       в”‚   в”‚   в”‚   в””в”Ђв”Ђ subtle feature "std"
в”‚       в”‚       в”‚   в”‚   в”‚       в””в”Ђв”Ђ subtle v2.6.1
в”‚       в”‚       в”‚   в”‚   в”њв”Ђв”Ђ ff feature "std"
в”‚       в”‚       в”‚   в”‚   в”‚   в”њв”Ђв”Ђ ff v0.13.1 (*)
в”‚       в”‚       в”‚   в”‚   в”‚   в””в”Ђв”Ђ ff feature "alloc"
в”‚       в”‚       в”‚   в”‚   в”‚       в””в”Ђв”Ђ ff v0.13.1 (*)
в”‚       в”‚       в”‚   в”‚   в”њв”Ђв”Ђ group feature "default" (*)
в”‚       в”‚       в”‚   в”‚   в”њв”Ђв”Ђ blake2b_simd feature "default"
в”‚       в”‚       в”‚   в”‚   в”‚   в”њв”Ђв”Ђ blake2b_simd v1.0.3
в”‚       в”‚       в”‚   в”‚   в”‚   в”‚   в”њв”Ђв”Ђ arrayvec v0.7.6
в”‚       в”‚       в”‚   в”‚   в”‚   в”‚   в”њв”Ђв”Ђ arrayref feature "default"
в”‚       в”‚       в”‚   в”‚   в”‚   в”‚   в”‚   в””в”Ђв”Ђ arrayref v0.3.9
в”‚       в”‚       в”‚   в”‚   в”‚   в”‚   в””в”Ђв”Ђ constant_time_eq feature "default"
в”‚       в”‚       в”‚   в”‚   в”‚   в”‚       в””в”Ђв”Ђ constant_time_eq v0.3.1
в”‚       в”‚       в”‚   в”‚   в”‚   в””в”Ђв”Ђ blake2b_simd feature "std"
в”‚       в”‚       в”‚   в”‚   в”‚       в””в”Ђв”Ђ blake2b_simd v1.0.3 (*)
в”‚       в”‚       в”‚   в”‚   в”њв”Ђв”Ђ hex feature "alloc" (*)
в”‚       в”‚       в”‚   в”‚   в”њв”Ђв”Ђ hex feature "serde"
в”‚       в”‚       в”‚   в”‚   в”‚   в””в”Ђв”Ђ hex v0.4.3 (*)
в”‚       в”‚       в”‚   в”‚   в”њв”Ђв”Ђ lazy_static feature "default"
в”‚       в”‚       в”‚   в”‚   в”‚   в””в”Ђв”Ђ lazy_static v1.5.0
в”‚       в”‚       в”‚   в”‚   в”‚       в””в”Ђв”Ђ spin feature "once"
в”‚       в”‚       в”‚   в”‚   в”‚           в””в”Ђв”Ђ spin v0.9.8
в”‚       в”‚       в”‚   в”‚   в”‚               в””в”Ђв”Ђ lock_api feature "default"
в”‚       в”‚       в”‚   в”‚   в”‚                   в”њв”Ђв”Ђ lock_api v0.4.12
в”‚       в”‚       в”‚   в”‚   в”‚                   в”‚   в””в”Ђв”Ђ scopeguard v1.2.0
в”‚       в”‚       в”‚   в”‚   в”‚                   в”‚   [build-dependencies]
в”‚       в”‚       в”‚   в”‚   в”‚                   в”‚   в””в”Ђв”Ђ autocfg feature "default" (*)
в”‚       в”‚       в”‚   в”‚   в”‚                   в””в”Ђв”Ђ lock_api feature "atomic_usize"
в”‚       в”‚       в”‚   в”‚   в”‚                       в””в”Ђв”Ђ lock_api v0.4.12 (*)
в”‚       в”‚       в”‚   в”‚   в”њв”Ђв”Ђ num-bigint feature "default"
в”‚       в”‚       в”‚   в”‚   в”‚   в”њв”Ђв”Ђ num-bigint v0.4.6 (*)
в”‚       в”‚       в”‚   в”‚   в”‚   в””в”Ђв”Ђ num-bigint feature "std"
в”‚       в”‚       в”‚   в”‚   в”‚       в”њв”Ђв”Ђ num-bigint v0.4.6 (*)
в”‚       в”‚       в”‚   в”‚   в”‚       в”њв”Ђв”Ђ num-integer feature "std"
в”‚       в”‚       в”‚   в”‚   в”‚       в”‚   в”њв”Ђв”Ђ num-integer v0.1.46 (*)
в”‚       в”‚       в”‚   в”‚   в”‚       в”‚   в””в”Ђв”Ђ num-traits feature "std"
в”‚       в”‚       в”‚   в”‚   в”‚       в”‚       в””в”Ђв”Ђ num-traits v0.2.19 (*)
в”‚       в”‚       в”‚   в”‚   в”‚       в””в”Ђв”Ђ num-traits feature "std" (*)
в”‚       в”‚       в”‚   в”‚   в”њв”Ђв”Ђ num-traits feature "default"
в”‚       в”‚       в”‚   в”‚   в”‚   в”њв”Ђв”Ђ num-traits v0.2.19 (*)
в”‚       в”‚       в”‚   в”‚   в”‚   в””в”Ђв”Ђ num-traits feature "std" (*)
в”‚       в”‚       в”‚   в”‚   в”њв”Ђв”Ђ pairing feature "default"
в”‚       в”‚       в”‚   в”‚   в”‚   в””в”Ђв”Ђ pairing v0.23.0
в”‚       в”‚       в”‚   в”‚   в”‚       в””в”Ђв”Ђ group v0.13.0 (*)
в”‚       в”‚       в”‚   в”‚   в”њв”Ђв”Ђ pasta_curves feature "default"
в”‚       в”‚       в”‚   в”‚   в”‚   в”њв”Ђв”Ђ pasta_curves v0.5.1
в”‚       в”‚       в”‚   в”‚   в”‚   в”‚   в”њв”Ђв”Ђ blake2b_simd v1.0.3 (*)
в”‚       в”‚       в”‚   в”‚   в”‚   в”‚   в”њв”Ђв”Ђ ff v0.13.1 (*)
в”‚       в”‚       в”‚   в”‚   в”‚   в”‚   в”њв”Ђв”Ђ group v0.13.0 (*)
в”‚       в”‚       в”‚   в”‚   в”‚   в”‚   в”њв”Ђв”Ђ rand v0.8.5
в”‚       в”‚       в”‚   в”‚   в”‚   в”‚   в”‚   в”њв”Ђв”Ђ rand_chacha v0.3.1
в”‚       в”‚       в”‚   в”‚   в”‚   в”‚   в”‚   в”‚   в”њв”Ђв”Ђ rand_core feature "default" (*)
в”‚       в”‚       в”‚   в”‚   в”‚   в”‚   в”‚   в”‚   в””в”Ђв”Ђ ppv-lite86 feature "simd"
в”‚       в”‚       в”‚   в”‚   в”‚   в”‚   в”‚   в”‚       в””в”Ђв”Ђ ppv-lite86 v0.2.21
в”‚       в”‚       в”‚   в”‚   в”‚   в”‚   в”‚   в”‚           в”њв”Ђв”Ђ zerocopy feature "default"
в”‚       в”‚       в”‚   в”‚   в”‚   в”‚   в”‚   в”‚           в”‚   в””в”Ђв”Ђ zerocopy v0.8.25
в”‚       в”‚       в”‚   в”‚   в”‚   в”‚   в”‚   в”‚           в””в”Ђв”Ђ zerocopy feature "simd"
в”‚       в”‚       в”‚   в”‚   в”‚   в”‚   в”‚   в”‚               в””в”Ђв”Ђ zerocopy v0.8.25
в”‚       в”‚       в”‚   в”‚   в”‚   в”‚   в”‚   в””в”Ђв”Ђ rand_core feature "default" (*)
в”‚       в”‚       в”‚   в”‚   в”‚   в”‚   в”њв”Ђв”Ђ subtle v2.6.1
в”‚       в”‚       в”‚   в”‚   в”‚   в”‚   в”њв”Ђв”Ђ lazy_static feature "default" (*)
в”‚       в”‚       в”‚   в”‚   в”‚   в”‚   в”њв”Ђв”Ђ lazy_static feature "spin_no_std"
в”‚       в”‚       в”‚   в”‚   в”‚   в”‚   в”‚   в”њв”Ђв”Ђ lazy_static v1.5.0 (*)
в”‚       в”‚       в”‚   в”‚   в”‚   в”‚   в”‚   в””в”Ђв”Ђ lazy_static feature "spin"
в”‚       в”‚       в”‚   в”‚   в”‚   в”‚   в”‚       в””в”Ђв”Ђ lazy_static v1.5.0 (*)
в”‚       в”‚       в”‚   в”‚   в”‚   в”‚   в””в”Ђв”Ђ static_assertions feature "default"
в”‚       в”‚       в”‚   в”‚   в”‚   в”‚       в””в”Ђв”Ђ static_assertions v1.1.0
в”‚       в”‚       в”‚   в”‚   в”‚   в”њв”Ђв”Ђ pasta_curves feature "bits"
в”‚       в”‚       в”‚   в”‚   в”‚   в”‚   в”њв”Ђв”Ђ pasta_curves v0.5.1 (*)
в”‚       в”‚       в”‚   в”‚   в”‚   в”‚   в””в”Ђв”Ђ ff feature "bits"
в”‚       в”‚       в”‚   в”‚   в”‚   в”‚       в”њв”Ђв”Ђ ff v0.13.1 (*)
в”‚       в”‚       в”‚   в”‚   в”‚   в”‚       в””в”Ђв”Ђ ff feature "bitvec"
в”‚       в”‚       в”‚   в”‚   в”‚   в”‚           в””в”Ђв”Ђ ff v0.13.1 (*)
в”‚       в”‚       в”‚   в”‚   в”‚   в””в”Ђв”Ђ pasta_curves feature "sqrt-table"
в”‚       в”‚       в”‚   в”‚   в”‚       в”њв”Ђв”Ђ pasta_curves v0.5.1 (*)
в”‚       в”‚       в”‚   в”‚   в”‚       в”њв”Ђв”Ђ pasta_curves feature "alloc"
в”‚       в”‚       в”‚   в”‚   в”‚       в”‚   в”њв”Ђв”Ђ pasta_curves v0.5.1 (*)
в”‚       в”‚       в”‚   в”‚   в”‚       в”‚   в”њв”Ђв”Ђ group feature "alloc" (*)
в”‚       в”‚       в”‚   в”‚   в”‚       в”‚   в””в”Ђв”Ђ pasta_curves feature "blake2b_simd"
в”‚       в”‚       в”‚   в”‚   в”‚       в”‚       в””в”Ђв”Ђ pasta_curves v0.5.1 (*)
в”‚       в”‚       в”‚   в”‚   в”‚       в””в”Ђв”Ђ pasta_curves feature "lazy_static"
в”‚       в”‚       в”‚   в”‚   в”‚           в””в”Ђв”Ђ pasta_curves v0.5.1 (*)
в”‚       в”‚       в”‚   в”‚   в”њв”Ђв”Ђ rand feature "default"
в”‚       в”‚       в”‚   в”‚   в”‚   в”њв”Ђв”Ђ rand v0.8.5 (*)
в”‚       в”‚       в”‚   в”‚   в”‚   в”њв”Ђв”Ђ rand feature "std"
в”‚       в”‚       в”‚   в”‚   в”‚   в”‚   в”њв”Ђв”Ђ rand v0.8.5 (*)
в”‚       в”‚       в”‚   в”‚   в”‚   в”‚   в”њв”Ђв”Ђ rand_core feature "std"
в”‚       в”‚       в”‚   в”‚   в”‚   в”‚   в”‚   в”њв”Ђв”Ђ rand_core v0.6.4 (*)
в”‚       в”‚       в”‚   в”‚   в”‚   в”‚   в”‚   в”њв”Ђв”Ђ rand_core feature "alloc"
в”‚       в”‚       в”‚   в”‚   в”‚   в”‚   в”‚   в”‚   в””в”Ђв”Ђ rand_core v0.6.4 (*)
в”‚       в”‚       в”‚   в”‚   в”‚   в”‚   в”‚   в”њв”Ђв”Ђ rand_core feature "getrandom"
в”‚       в”‚       в”‚   в”‚   в”‚   в”‚   в”‚   в”‚   в””в”Ђв”Ђ rand_core v0.6.4 (*)
в”‚       в”‚       в”‚   в”‚   в”‚   в”‚   в”‚   в””в”Ђв”Ђ getrandom feature "std"
в”‚       в”‚       в”‚   в”‚   в”‚   в”‚   в”‚       в””в”Ђв”Ђ getrandom v0.2.16 (*)
в”‚       в”‚       в”‚   в”‚   в”‚   в”‚   в”њв”Ђв”Ђ rand feature "alloc"
в”‚       в”‚       в”‚   в”‚   в”‚   в”‚   в”‚   в”њв”Ђв”Ђ rand v0.8.5 (*)
в”‚       в”‚       в”‚   в”‚   в”‚   в”‚   в”‚   в””в”Ђв”Ђ rand_core feature "alloc" (*)
в”‚       в”‚       в”‚   в”‚   в”‚   в”‚   в”њв”Ђв”Ђ rand feature "getrandom"
в”‚       в”‚       в”‚   в”‚   в”‚   в”‚   в”‚   в”њв”Ђв”Ђ rand v0.8.5 (*)
в”‚       в”‚       в”‚   в”‚   в”‚   в”‚   в”‚   в””в”Ђв”Ђ rand_core feature "getrandom" (*)
в”‚       в”‚       в”‚   в”‚   в”‚   в”‚   в”њв”Ђв”Ђ rand feature "libc"
в”‚       в”‚       в”‚   в”‚   в”‚   в”‚   в”‚   в””в”Ђв”Ђ rand v0.8.5 (*)
в”‚       в”‚       в”‚   в”‚   в”‚   в”‚   в”њв”Ђв”Ђ rand feature "rand_chacha"
в”‚       в”‚       в”‚   в”‚   в”‚   в”‚   в”‚   в””в”Ђв”Ђ rand v0.8.5 (*)
в”‚       в”‚       в”‚   в”‚   в”‚   в”‚   в””в”Ђв”Ђ rand_chacha feature "std"
в”‚       в”‚       в”‚   в”‚   в”‚   в”‚       в”њв”Ђв”Ђ rand_chacha v0.3.1 (*)
в”‚       в”‚       в”‚   в”‚   в”‚   в”‚       в””в”Ђв”Ђ ppv-lite86 feature "std"
в”‚       в”‚       в”‚   в”‚   в”‚   в”‚           в””в”Ђв”Ђ ppv-lite86 v0.2.21 (*)
в”‚       в”‚       в”‚   в”‚   в”‚   в””в”Ђв”Ђ rand feature "std_rng"
в”‚       в”‚       в”‚   в”‚   в”‚       в”њв”Ђв”Ђ rand v0.8.5 (*)
в”‚       в”‚       в”‚   в”‚   в”‚       в””в”Ђв”Ђ rand feature "rand_chacha" (*)
в”‚       в”‚       в”‚   в”‚   в”њв”Ђв”Ђ static_assertions feature "default" (*)
в”‚       в”‚       в”‚   в”‚   в”њв”Ђв”Ђ paste feature "default"
в”‚       в”‚       в”‚   в”‚   в”‚   в””в”Ђв”Ђ paste v1.0.15 (proc-macro)
в”‚       в”‚       в”‚   в”‚   в”њв”Ђв”Ђ rayon feature "default"
в”‚       в”‚       в”‚   в”‚   в”‚   в””в”Ђв”Ђ rayon v1.10.0
в”‚       в”‚       в”‚   в”‚   в”‚       в”њв”Ђв”Ђ either v1.15.0
в”‚       в”‚       в”‚   в”‚   в”‚       в””в”Ђв”Ђ rayon-core feature "default"
в”‚       в”‚       в”‚   в”‚   в”‚           в””в”Ђв”Ђ rayon-core v1.12.1
в”‚       в”‚       в”‚   в”‚   в”‚               в”њв”Ђв”Ђ crossbeam-deque feature "default"
в”‚       в”‚       в”‚   в”‚   в”‚               в”‚   в”њв”Ђв”Ђ crossbeam-deque v0.8.6
в”‚       в”‚       в”‚   в”‚   в”‚               в”‚   в”‚   в”њв”Ђв”Ђ crossbeam-epoch v0.9.18
в”‚       в”‚       в”‚   в”‚   в”‚               в”‚   в”‚   в”‚   в””в”Ђв”Ђ crossbeam-utils v0.8.21
в”‚       в”‚       в”‚   в”‚   в”‚               в”‚   в”‚   в””в”Ђв”Ђ crossbeam-utils v0.8.21
в”‚       в”‚       в”‚   в”‚   в”‚               в”‚   в””в”Ђв”Ђ crossbeam-deque feature "std"
в”‚       в”‚       в”‚   в”‚   в”‚               в”‚       в”њв”Ђв”Ђ crossbeam-deque v0.8.6 (*)
в”‚       в”‚       в”‚   в”‚   в”‚               в”‚       в”њв”Ђв”Ђ crossbeam-epoch feature "std"
в”‚       в”‚       в”‚   в”‚   в”‚               в”‚       в”‚   в”њв”Ђв”Ђ crossbeam-epoch v0.9.18 (*)
в”‚       в”‚       в”‚   в”‚   в”‚               в”‚       в”‚   в”њв”Ђв”Ђ crossbeam-epoch feature "alloc"
в”‚       в”‚       в”‚   в”‚   в”‚               в”‚       в”‚   в”‚   в””в”Ђв”Ђ crossbeam-epoch v0.9.18 (*)
в”‚       в”‚       в”‚   в”‚   в”‚               в”‚       в”‚   в””в”Ђв”Ђ crossbeam-utils feature "std"
в”‚       в”‚       в”‚   в”‚   в”‚               в”‚       в”‚       в””в”Ђв”Ђ crossbeam-utils v0.8.21
в”‚       в”‚       в”‚   в”‚   в”‚               в”‚       в””в”Ђв”Ђ crossbeam-utils feature "std" (*)
в”‚       в”‚       в”‚   в”‚   в”‚               в””в”Ђв”Ђ crossbeam-utils feature "default"
в”‚       в”‚       в”‚   в”‚   в”‚                   в”њв”Ђв”Ђ crossbeam-utils v0.8.21
в”‚       в”‚       в”‚   в”‚   в”‚                   в””в”Ђв”Ђ crossbeam-utils feature "std" (*)
в”‚       в”‚       в”‚   в”‚   в”њв”Ђв”Ђ serde_arrays feature "default"
в”‚       в”‚       в”‚   в”‚   в”‚   в””в”Ђв”Ђ serde_arrays v0.1.0
в”‚       в”‚       в”‚   в”‚   в”‚       в””в”Ђв”Ђ serde feature "default" (*)
в”‚       в”‚       в”‚   в”‚   в”њв”Ђв”Ђ sha2 feature "default"
в”‚       в”‚       в”‚   в”‚   в”‚   в”њв”Ђв”Ђ sha2 v0.10.9
в”‚       в”‚       в”‚   в”‚   в”‚   в”‚   в”њв”Ђв”Ђ digest feature "default" (*)
в”‚       в”‚       в”‚   в”‚   в”‚   в”‚   в””в”Ђв”Ђ cfg-if feature "default" (*)
в”‚       в”‚       в”‚   в”‚   в”‚   в””в”Ђв”Ђ sha2 feature "std"
в”‚       в”‚       в”‚   в”‚   в”‚       в”њв”Ђв”Ђ sha2 v0.10.9 (*)
в”‚       в”‚       в”‚   в”‚   в”‚       в””в”Ђв”Ђ digest feature "std"
в”‚       в”‚       в”‚   в”‚   в”‚           в”њв”Ђв”Ђ digest v0.10.7 (*)
в”‚       в”‚       в”‚   в”‚   в”‚           в”њв”Ђв”Ђ digest feature "alloc"
в”‚       в”‚       в”‚   в”‚   в”‚           в”‚   в””в”Ђв”Ђ digest v0.10.7 (*)
в”‚       в”‚       в”‚   в”‚   в”‚           в””в”Ђв”Ђ crypto-common feature "std"
в”‚       в”‚       в”‚   в”‚   в”‚               в””в”Ђв”Ђ crypto-common v0.1.6 (*)
в”‚       в”‚       в”‚   в”‚   в””в”Ђв”Ђ unroll feature "default"
в”‚       в”‚       в”‚   в”‚       в””в”Ђв”Ђ unroll v0.1.5 (proc-macro)
в”‚       в”‚       в”‚   в”‚           в”њв”Ђв”Ђ quote feature "default" (*)
в”‚       в”‚       в”‚   в”‚           в”њв”Ђв”Ђ syn feature "default" (*)
в”‚       в”‚       в”‚   в”‚           в””в”Ђв”Ђ syn feature "full"
в”‚       в”‚       в”‚   в”‚               в””в”Ђв”Ђ syn v1.0.109 (*)
в”‚       в”‚       в”‚   в”њв”Ђв”Ђ halo2curves-axiom feature "bits"
в”‚       в”‚       в”‚   в”‚   в”њв”Ђв”Ђ halo2curves-axiom v0.7.0 (*)
в”‚       в”‚       в”‚   в”‚   в””в”Ђв”Ђ ff feature "bits" (*)
в”‚       в”‚       в”‚   в”њв”Ђв”Ђ halo2curves-axiom feature "bn256-table"
в”‚       в”‚       в”‚   в”‚   в””в”Ђв”Ђ halo2curves-axiom v0.7.0 (*)
в”‚       в”‚       в”‚   в””в”Ђв”Ђ halo2curves-axiom feature "derive_serde"
в”‚       в”‚       в”‚       в”њв”Ђв”Ђ halo2curves-axiom v0.7.0 (*)
в”‚       в”‚       в”‚       в”њв”Ђв”Ђ serde feature "derive" (*)
в”‚       в”‚       в”‚       в”њв”Ђв”Ђ halo2curves-axiom feature "hex"
в”‚       в”‚       в”‚       в”‚   в””в”Ђв”Ђ halo2curves-axiom v0.7.0 (*)
в”‚       в”‚       в”‚       в”њв”Ђв”Ђ halo2curves-axiom feature "serde"
в”‚       в”‚       в”‚       в”‚   в””в”Ђв”Ђ halo2curves-axiom v0.7.0 (*)
в”‚       в”‚       в”‚       в””в”Ђв”Ђ halo2curves-axiom feature "serde_arrays"
в”‚       в”‚       в”‚           в””в”Ђв”Ђ halo2curves-axiom v0.7.0 (*)
в”‚       в”‚       в”њв”Ђв”Ђ once_cell feature "alloc"
в”‚       в”‚       в”‚   в”њв”Ђв”Ђ once_cell v1.21.3
в”‚       в”‚       в”‚   в””в”Ђв”Ђ once_cell feature "race"
в”‚       в”‚       в”‚       в””в”Ђв”Ђ once_cell v1.21.3
в”‚       в”‚       в””в”Ђв”Ђ once_cell feature "race" (*)
в”‚       в”њв”Ђв”Ђ openvm-pairing-guest feature "bls12_381"
в”‚       в”‚   в””в”Ђв”Ђ openvm-pairing-guest v1.1.2 (https://github.com/openvm-org/openvm.git?rev=f0477ab8ee276bf102afb508cbb53a63efed9711#f0477ab8)
в”‚       в”‚       в”њв”Ђв”Ђ hex-literal v0.4.1
в”‚       в”‚       в”њв”Ђв”Ђ openvm v1.1.2 (https://github.com/openvm-org/openvm.git?rev=f0477ab8ee276bf102afb508cbb53a63efed9711#f0477ab8) (*)
в”‚       в”‚       в”њв”Ђв”Ђ openvm-algebra-complex-macros v0.1.0 (proc-macro) (https://github.com/openvm-org/openvm.git?rev=f0477ab8ee276bf102afb508cbb53a63efed9711#f0477ab8) (*)
в”‚       в”‚       в”њв”Ђв”Ђ openvm-algebra-guest v1.1.2 (https://github.com/openvm-org/openvm.git?rev=f0477ab8ee276bf102afb508cbb53a63efed9711#f0477ab8) (*)
в”‚       в”‚       в”њв”Ђв”Ђ openvm-algebra-moduli-macros v1.1.2 (proc-macro) (https://github.com/openvm-org/openvm.git?rev=f0477ab8ee276bf102afb508cbb53a63efed9711#f0477ab8) (*)
в”‚       в”‚       в”њв”Ђв”Ђ openvm-custom-insn v0.1.0 (proc-macro) (https://github.com/openvm-org/openvm.git?rev=f0477ab8ee276bf102afb508cbb53a63efed9711#f0477ab8) (*)
в”‚       в”‚       в”њв”Ђв”Ђ openvm-ecc-guest v1.1.2 (https://github.com/openvm-org/openvm.git?rev=f0477ab8ee276bf102afb508cbb53a63efed9711#f0477ab8) (*)
в”‚       в”‚       в”њв”Ђв”Ђ openvm-ecc-sw-macros v1.1.2 (proc-macro) (https://github.com/openvm-org/openvm.git?rev=f0477ab8ee276bf102afb508cbb53a63efed9711#f0477ab8) (*)
в”‚       в”‚       в”њв”Ђв”Ђ openvm-platform v1.1.2 (https://github.com/openvm-org/openvm.git?rev=f0477ab8ee276bf102afb508cbb53a63efed9711#f0477ab8) (*)
в”‚       в”‚       в”њв”Ђв”Ђ openvm-rv32im-guest v1.1.2 (https://github.com/openvm-org/openvm.git?rev=f0477ab8ee276bf102afb508cbb53a63efed9711#f0477ab8) (*)
в”‚       в”‚       в”њв”Ђв”Ђ rand v0.8.5 (*)
в”‚       в”‚       в”њв”Ђв”Ђ serde feature "derive" (*)
в”‚       в”‚       в”њв”Ђв”Ђ strum_macros feature "default" (*)
в”‚       в”‚       в”њв”Ђв”Ђ group feature "default" (*)
в”‚       в”‚       в””в”Ђв”Ђ itertools feature "use_alloc"
в”‚       в”‚           в””в”Ђв”Ђ itertools v0.14.0
в”‚       в”‚               в””в”Ђв”Ђ either v1.15.0
в”‚       в”њв”Ђв”Ђ openvm-pairing-guest feature "default"
в”‚       в”‚   в””в”Ђв”Ђ openvm-pairing-guest v1.1.2 (https://github.com/openvm-org/openvm.git?rev=f0477ab8ee276bf102afb508cbb53a63efed9711#f0477ab8) (*)
в”‚       в””в”Ђв”Ђ openvm-sha256-guest feature "default"
в”‚           в””в”Ђв”Ђ openvm-sha256-guest v1.2.0 (https://github.com/openvm-org/openvm.git#bdb4831f)
в”‚               в””в”Ђв”Ђ openvm-platform v1.2.0 (https://github.com/openvm-org/openvm.git#bdb4831f)
в”‚                   в”њв”Ђв”Ђ openvm-custom-insn v0.1.0 (proc-macro) (https://github.com/openvm-org/openvm.git#bdb4831f)
в”‚                   в”‚   в”њв”Ђв”Ђ syn feature "default" (*)
в”‚                   в”‚   в”њв”Ђв”Ђ syn feature "full" (*)
в”‚                   в”‚   в”њв”Ђв”Ђ proc-macro2 feature "default" (*)
в”‚                   в”‚   в””в”Ђв”Ђ quote feature "default" (*)
в”‚                   в”њв”Ђв”Ђ openvm-rv32im-guest v1.2.0 (https://github.com/openvm-org/openvm.git#bdb4831f)
в”‚                   в”‚   в”њв”Ђв”Ђ openvm-custom-insn v0.1.0 (proc-macro) (https://github.com/openvm-org/openvm.git#bdb4831f) (*)
в”‚                   в”‚   в””в”Ђв”Ђ strum_macros feature "default" (*)
в”‚                   в”њв”Ђв”Ђ getrandom feature "custom" (*)
в”‚                   в”њв”Ђв”Ђ getrandom feature "default" (*)
в”‚                   в””в”Ђв”Ђ libm feature "default" (*)
в”њв”Ђв”Ђ crypto feature "use-intrinsics"
в”‚   в”њв”Ђв”Ђ crypto v0.1.0 (/home/ubuntu/Zipline-Casper/finality-client/libs/crypto) (*)
в”‚   в”њв”Ђв”Ђ crypto feature "openvm-algebra-guest"
в”‚   в”‚   в””в”Ђв”Ђ crypto v0.1.0 (/home/ubuntu/Zipline-Casper/finality-client/libs/crypto) (*)
в”‚   в”њв”Ђв”Ђ crypto feature "openvm-ecc-guest"
в”‚   в”‚   в””в”Ђв”Ђ crypto v0.1.0 (/home/ubuntu/Zipline-Casper/finality-client/libs/crypto) (*)
в”‚   в”њв”Ђв”Ђ crypto feature "openvm-pairing-guest"
в”‚   в”‚   в””в”Ђв”Ђ crypto v0.1.0 (/home/ubuntu/Zipline-Casper/finality-client/libs/crypto) (*)
в”‚   в””в”Ђв”Ђ crypto feature "openvm-sha256-guest"
в”‚       в””в”Ђв”Ђ crypto v0.1.0 (/home/ubuntu/Zipline-Casper/finality-client/libs/crypto) (*)
в”њв”Ђв”Ђ serde feature "default" (*)
в”њв”Ђв”Ђ ethereum-consensus feature "default"
в”‚   в”њв”Ђв”Ђ ethereum-consensus v0.1.1 (https://github.com/nulltea/ethereum-consensus?rev=facd29481b844c864434b9d6d580ce081ddd6570#facd2948)
в”‚   в”‚   в”њв”Ђв”Ђ rand_core v0.6.4 (*)
в”‚   в”‚   в”њв”Ђв”Ђ serde feature "default" (*)
в”‚   в”‚   в”њв”Ђв”Ђ serde feature "derive" (*)
в”‚   в”‚   в”њв”Ђв”Ђ hex feature "default" (*)
в”‚   в”‚   в”њв”Ђв”Ђ async-stream feature "default"
в”‚   в”‚   в”‚   в””в”Ђв”Ђ async-stream v0.3.6
в”‚   в”‚   в”‚       в”њв”Ђв”Ђ async-stream-impl feature "default"
в”‚   в”‚   в”‚       в”‚   в””в”Ђв”Ђ async-stream-impl v0.3.6 (proc-macro)
в”‚   в”‚   в”‚       в”‚       в”њв”Ђв”Ђ syn feature "default" (*)
в”‚   в”‚   в”‚       в”‚       в”њв”Ђв”Ђ syn feature "full" (*)
в”‚   в”‚   в”‚       в”‚       в”њв”Ђв”Ђ syn feature "visit-mut"
в”‚   в”‚   в”‚       в”‚       в”‚   в””в”Ђв”Ђ syn v2.0.101 (*)
в”‚   в”‚   в”‚       в”‚       в”њв”Ђв”Ђ proc-macro2 feature "default" (*)
в”‚   в”‚   в”‚       в”‚       в””в”Ђв”Ђ quote feature "default" (*)
в”‚   в”‚   в”‚       в”њв”Ђв”Ђ futures-core feature "default"
в”‚   в”‚   в”‚       в”‚   в”њв”Ђв”Ђ futures-core v0.3.31
в”‚   в”‚   в”‚       в”‚   в””в”Ђв”Ђ futures-core feature "std"
в”‚   в”‚   в”‚       в”‚       в”њв”Ђв”Ђ futures-core v0.3.31
в”‚   в”‚   в”‚       в”‚       в””в”Ђв”Ђ futures-core feature "alloc"
в”‚   в”‚   в”‚       в”‚           в””в”Ђв”Ђ futures-core v0.3.31
в”‚   в”‚   в”‚       в””в”Ђв”Ђ pin-project-lite feature "default"
в”‚   в”‚   в”‚           в””в”Ђв”Ђ pin-project-lite v0.2.16
в”‚   в”‚   в”њв”Ђв”Ђ bs58 feature "default"
в”‚   в”‚   в”‚   в”њв”Ђв”Ђ bs58 v0.4.0
в”‚   в”‚   в”‚   в””в”Ђв”Ђ bs58 feature "std"
в”‚   в”‚   в”‚       в”њв”Ђв”Ђ bs58 v0.4.0
в”‚   в”‚   в”‚       в””в”Ђв”Ђ bs58 feature "alloc"
в”‚   в”‚   в”‚           в””в”Ђв”Ђ bs58 v0.4.0
в”‚   в”‚   в”њв”Ђв”Ђ enr feature "default"
в”‚   в”‚   в”‚   в”њв”Ђв”Ђ enr v0.6.2
в”‚   в”‚   в”‚   в”‚   в”њв”Ђв”Ђ zeroize feature "default"
в”‚   в”‚   в”‚   в”‚   в”‚   в”њв”Ђв”Ђ zeroize v1.8.1
в”‚   в”‚   в”‚   в”‚   в”‚   в””в”Ђв”Ђ zeroize feature "alloc"
в”‚   в”‚   в”‚   в”‚   в”‚       в””в”Ђв”Ђ zeroize v1.8.1
в”‚   в”‚   в”‚   в”‚   в”њв”Ђв”Ђ serde feature "default" (*)
в”‚   в”‚   в”‚   в”‚   в”њв”Ђв”Ђ hex feature "default" (*)
в”‚   в”‚   в”‚   в”‚   в”њв”Ђв”Ђ rand feature "default" (*)
в”‚   в”‚   в”‚   в”‚   в”њв”Ђв”Ђ bs58 feature "default" (*)
в”‚   в”‚   в”‚   в”‚   в”њв”Ђв”Ђ base64 feature "default"
в”‚   в”‚   в”‚   в”‚   в”‚   в”њв”Ђв”Ђ base64 v0.13.1
в”‚   в”‚   в”‚   в”‚   в”‚   в””в”Ђв”Ђ base64 feature "std"
в”‚   в”‚   в”‚   в”‚   в”‚       в””в”Ђв”Ђ base64 v0.13.1
в”‚   в”‚   в”‚   в”‚   в”њв”Ђв”Ђ bytes feature "default"
в”‚   в”‚   в”‚   в”‚   в”‚   в”њв”Ђв”Ђ bytes v1.10.1
в”‚   в”‚   в”‚   в”‚   в”‚   в””в”Ђв”Ђ bytes feature "std"
в”‚   в”‚   в”‚   в”‚   в”‚       в””в”Ђв”Ђ bytes v1.10.1
в”‚   в”‚   в”‚   в”‚   в”њв”Ђв”Ђ k256 feature "default"
в”‚   в”‚   в”‚   в”‚   в”‚   в”њв”Ђв”Ђ k256 v0.11.6
в”‚   в”‚   в”‚   в”‚   в”‚   в”‚   в”њв”Ђв”Ђ sha2 v0.10.9 (*)
в”‚   в”‚   в”‚   в”‚   в”‚   в”‚   в”њв”Ђв”Ђ cfg-if feature "default" (*)
в”‚   в”‚   в”‚   в”‚   в”‚   в”‚   в”њв”Ђв”Ђ ecdsa feature "der"
в”‚   в”‚   в”‚   в”‚   в”‚   в”‚   в”‚   в””в”Ђв”Ђ ecdsa v0.14.8
в”‚   в”‚   в”‚   в”‚   в”‚   в”‚   в”‚       в”њв”Ђв”Ђ der feature "default"
в”‚   в”‚   в”‚   в”‚   в”‚   в”‚   в”‚       в”‚   в””в”Ђв”Ђ der v0.6.1
в”‚   в”‚   в”‚   в”‚   в”‚   в”‚   в”‚       в”‚       в”њв”Ђв”Ђ zeroize feature "alloc" (*)
в”‚   в”‚   в”‚   в”‚   в”‚   в”‚   в”‚       в”‚       в””в”Ђв”Ђ const-oid feature "default" (*)
в”‚   в”‚   в”‚   в”‚   в”‚   в”‚   в”‚       в”њв”Ђв”Ђ elliptic-curve feature "digest"
в”‚   в”‚   в”‚   в”‚   в”‚   в”‚   в”‚       в”‚   в””в”Ђв”Ђ elliptic-curve v0.12.3
в”‚   в”‚   в”‚   в”‚   в”‚   в”‚   в”‚       в”‚       в”њв”Ђв”Ђ ff v0.12.1
в”‚   в”‚   в”‚   в”‚   в”‚   в”‚   в”‚       в”‚       в”‚   в”њв”Ђв”Ђ rand_core v0.6.4 (*)
в”‚   в”‚   в”‚   в”‚   в”‚   в”‚   в”‚       в”‚       в”‚   в””в”Ђв”Ђ subtle feature "i128" (*)
в”‚   в”‚   в”‚   в”‚   в”‚   в”‚   в”‚       в”‚       в”њв”Ђв”Ђ generic-array v0.14.7 (*)
в”‚   в”‚   в”‚   в”‚   в”‚   в”‚   в”‚       в”‚       в”њв”Ђв”Ђ group v0.12.1
в”‚   в”‚   в”‚   в”‚   в”‚   в”‚   в”‚       в”‚       в”‚   в”њв”Ђв”Ђ ff v0.12.1 (*)
в”‚   в”‚   в”‚   в”‚   в”‚   в”‚   в”‚       в”‚       в”‚   в”њв”Ђв”Ђ rand_core v0.6.4 (*)
в”‚   в”‚   в”‚   в”‚   в”‚   в”‚   в”‚       в”‚       в”‚   в””в”Ђв”Ђ subtle v2.6.1
в”‚   в”‚   в”‚   в”‚   в”‚   в”‚   в”‚       в”‚       в”њв”Ђв”Ђ pkcs8 v0.9.0
в”‚   в”‚   в”‚   в”‚   в”‚   в”‚   в”‚       в”‚       в”‚   в”њв”Ђв”Ђ der feature "default" (*)
в”‚   в”‚   в”‚   в”‚   в”‚   в”‚   в”‚       в”‚       в”‚   в”њв”Ђв”Ђ der feature "oid"
в”‚   в”‚   в”‚   в”‚   в”‚   в”‚   в”‚       в”‚       в”‚   в”‚   в”њв”Ђв”Ђ der v0.6.1 (*)
в”‚   в”‚   в”‚   в”‚   в”‚   в”‚   в”‚       в”‚       в”‚   в”‚   в””в”Ђв”Ђ der feature "const-oid"
в”‚   в”‚   в”‚   в”‚   в”‚   в”‚   в”‚       в”‚       в”‚   в”‚       в””в”Ђв”Ђ der v0.6.1 (*)
в”‚   в”‚   в”‚   в”‚   в”‚   в”‚   в”‚       в”‚       в”‚   в””в”Ђв”Ђ spki feature "default"
в”‚   в”‚   в”‚   в”‚   в”‚   в”‚   в”‚       в”‚       в”‚       в””в”Ђв”Ђ spki v0.6.0
в”‚   в”‚   в”‚   в”‚   в”‚   в”‚   в”‚       в”‚       в”‚           в”њв”Ђв”Ђ base64ct v1.7.3
в”‚   в”‚   в”‚   в”‚   в”‚   в”‚   в”‚       в”‚       в”‚           в”њв”Ђв”Ђ der feature "default" (*)
в”‚   в”‚   в”‚   в”‚   в”‚   в”‚   в”‚       в”‚       в”‚           в””в”Ђв”Ђ der feature "oid" (*)
в”‚   в”‚   в”‚   в”‚   в”‚   в”‚   в”‚       в”‚       в”њв”Ђв”Ђ rand_core v0.6.4 (*)
в”‚   в”‚   в”‚   в”‚   в”‚   в”‚   в”‚       в”‚       в”њв”Ђв”Ђ subtle v2.6.1
в”‚   в”‚   в”‚   в”‚   в”‚   в”‚   в”‚       в”‚       в”њв”Ђв”Ђ zeroize v1.8.1
в”‚   в”‚   в”‚   в”‚   в”‚   в”‚   в”‚       в”‚       в”њв”Ђв”Ђ digest feature "default" (*)
в”‚   в”‚   в”‚   в”‚   в”‚   в”‚   в”‚       в”‚       в”њв”Ђв”Ђ der feature "oid" (*)
в”‚   в”‚   в”‚   в”‚   в”‚   в”‚   в”‚       в”‚       в”њв”Ђв”Ђ base16ct feature "default"
в”‚   в”‚   в”‚   в”‚   в”‚   в”‚   в”‚       в”‚       в”‚   в””в”Ђв”Ђ base16ct v0.1.1
в”‚   в”‚   в”‚   в”‚   в”‚   в”‚   в”‚       в”‚       в”њв”Ђв”Ђ crypto-bigint feature "generic-array"
в”‚   в”‚   в”‚   в”‚   в”‚   в”‚   в”‚       в”‚       в”‚   в””в”Ђв”Ђ crypto-bigint v0.4.9
в”‚   в”‚   в”‚   в”‚   в”‚   в”‚   в”‚       в”‚       в”‚       в”њв”Ђв”Ђ subtle v2.6.1
в”‚   в”‚   в”‚   в”‚   в”‚   в”‚   в”‚       в”‚       в”‚       в”њв”Ђв”Ђ zeroize v1.8.1
в”‚   в”‚   в”‚   в”‚   в”‚   в”‚   в”‚       в”‚       в”‚       в”њв”Ђв”Ђ generic-array feature "default" (*)
в”‚   в”‚   в”‚   в”‚   в”‚   в”‚   в”‚       в”‚       в”‚       в””в”Ђв”Ђ rand_core feature "default" (*)
в”‚   в”‚   в”‚   в”‚   в”‚   в”‚   в”‚       в”‚       в”њв”Ђв”Ђ crypto-bigint feature "rand_core"
в”‚   в”‚   в”‚   в”‚   в”‚   в”‚   в”‚       в”‚       в”‚   в””в”Ђв”Ђ crypto-bigint v0.4.9 (*)
в”‚   в”‚   в”‚   в”‚   в”‚   в”‚   в”‚       в”‚       в”њв”Ђв”Ђ crypto-bigint feature "zeroize"
в”‚   в”‚   в”‚   в”‚   в”‚   в”‚   в”‚       в”‚       в”‚   в””в”Ђв”Ђ crypto-bigint v0.4.9 (*)
в”‚   в”‚   в”‚   в”‚   в”‚   в”‚   в”‚       в”‚       в”њв”Ђв”Ђ sec1 feature "default"
в”‚   в”‚   в”‚   в”‚   в”‚   в”‚   в”‚       в”‚       в”‚   в”њв”Ђв”Ђ sec1 v0.3.0
в”‚   в”‚   в”‚   в”‚   в”‚   в”‚   в”‚       в”‚       в”‚   в”‚   в”њв”Ђв”Ђ base16ct v0.1.1
в”‚   в”‚   в”‚   в”‚   в”‚   в”‚   в”‚       в”‚       в”‚   в”‚   в”њв”Ђв”Ђ generic-array v0.14.7 (*)
в”‚   в”‚   в”‚   в”‚   в”‚   в”‚   в”‚       в”‚       в”‚   в”‚   в”њв”Ђв”Ђ pkcs8 v0.9.0 (*)
в”‚   в”‚   в”‚   в”‚   в”‚   в”‚   в”‚       в”‚       в”‚   в”‚   в”њв”Ђв”Ђ subtle v2.6.1
в”‚   в”‚   в”‚   в”‚   в”‚   в”‚   в”‚       в”‚       в”‚   в”‚   в”њв”Ђв”Ђ zeroize v1.8.1
в”‚   в”‚   в”‚   в”‚   в”‚   в”‚   в”‚       в”‚       в”‚   в”‚   в”њв”Ђв”Ђ der feature "default" (*)
в”‚   в”‚   в”‚   в”‚   в”‚   в”‚   в”‚       в”‚       в”‚   в”‚   в””в”Ђв”Ђ der feature "oid" (*)
в”‚   в”‚   в”‚   в”‚   в”‚   в”‚   в”‚       в”‚       в”‚   в”њв”Ђв”Ђ sec1 feature "der"
в”‚   в”‚   в”‚   в”‚   в”‚   в”‚   в”‚       в”‚       в”‚   в”‚   в””в”Ђв”Ђ sec1 v0.3.0 (*)
в”‚   в”‚   в”‚   в”‚   в”‚   в”‚   в”‚       в”‚       в”‚   в””в”Ђв”Ђ sec1 feature "point"
в”‚   в”‚   в”‚   в”‚   в”‚   в”‚   в”‚       в”‚       в”‚       в”њв”Ђв”Ђ sec1 v0.3.0 (*)
в”‚   в”‚   в”‚   в”‚   в”‚   в”‚   в”‚       в”‚       в”‚       в”њв”Ђв”Ђ sec1 feature "base16ct"
в”‚   в”‚   в”‚   в”‚   в”‚   в”‚   в”‚       в”‚       в”‚       в”‚   в””в”Ђв”Ђ sec1 v0.3.0 (*)
в”‚   в”‚   в”‚   в”‚   в”‚   в”‚   в”‚       в”‚       в”‚       в””в”Ђв”Ђ sec1 feature "generic-array"
в”‚   в”‚   в”‚   в”‚   в”‚   в”‚   в”‚       в”‚       в”‚           в””в”Ђв”Ђ sec1 v0.3.0 (*)
в”‚   в”‚   в”‚   в”‚   в”‚   в”‚   в”‚       в”‚       в”њв”Ђв”Ђ sec1 feature "subtle"
в”‚   в”‚   в”‚   в”‚   в”‚   в”‚   в”‚       в”‚       в”‚   в””в”Ђв”Ђ sec1 v0.3.0 (*)
в”‚   в”‚   в”‚   в”‚   в”‚   в”‚   в”‚       в”‚       в””в”Ђв”Ђ sec1 feature "zeroize"
в”‚   в”‚   в”‚   в”‚   в”‚   в”‚   в”‚       в”‚           в””в”Ђв”Ђ sec1 v0.3.0 (*)
в”‚   в”‚   в”‚   в”‚   в”‚   в”‚   в”‚       в”њв”Ђв”Ђ elliptic-curve feature "sec1"
в”‚   в”‚   в”‚   в”‚   в”‚   в”‚   в”‚       в”‚   в””в”Ђв”Ђ elliptic-curve v0.12.3 (*)
в”‚   в”‚   в”‚   в”‚   в”‚   в”‚   в”‚       в”њв”Ђв”Ђ rfc6979 feature "default"
в”‚   в”‚   в”‚   в”‚   в”‚   в”‚   в”‚       в”‚   в””в”Ђв”Ђ rfc6979 v0.3.1
в”‚   в”‚   в”‚   в”‚   в”‚   в”‚   в”‚       в”‚       в”њв”Ђв”Ђ zeroize v1.8.1
в”‚   в”‚   в”‚   в”‚   в”‚   в”‚   в”‚       в”‚       в”њв”Ђв”Ђ crypto-bigint feature "generic-array" (*)
в”‚   в”‚   в”‚   в”‚   в”‚   в”‚   в”‚       в”‚       в”њв”Ђв”Ђ crypto-bigint feature "zeroize" (*)
в”‚   в”‚   в”‚   в”‚   в”‚   в”‚   в”‚       в”‚       в””в”Ђв”Ђ hmac feature "reset"
в”‚   в”‚   в”‚   в”‚   в”‚   в”‚   в”‚       в”‚           в””в”Ђв”Ђ hmac v0.12.1
в”‚   в”‚   в”‚   в”‚   в”‚   в”‚   в”‚       в”‚               в”њв”Ђв”Ђ digest feature "default" (*)
в”‚   в”‚   в”‚   в”‚   в”‚   в”‚   в”‚       в”‚               в””в”Ђв”Ђ digest feature "mac"
в”‚   в”‚   в”‚   в”‚   в”‚   в”‚   в”‚       в”‚                   в”њв”Ђв”Ђ digest v0.10.7 (*)
в”‚   в”‚   в”‚   в”‚   в”‚   в”‚   в”‚       в”‚                   в””в”Ђв”Ђ digest feature "subtle"
в”‚   в”‚   в”‚   в”‚   в”‚   в”‚   в”‚       в”‚                       в””в”Ђв”Ђ digest v0.10.7 (*)
в”‚   в”‚   в”‚   в”‚   в”‚   в”‚   в”‚       в”њв”Ђв”Ђ signature feature "hazmat-preview"
в”‚   в”‚   в”‚   в”‚   в”‚   в”‚   в”‚       в”‚   в””в”Ђв”Ђ signature v1.6.4
в”‚   в”‚   в”‚   в”‚   в”‚   в”‚   в”‚       в”‚       в”њв”Ђв”Ђ digest v0.10.7 (*)
в”‚   в”‚   в”‚   в”‚   в”‚   в”‚   в”‚       в”‚       в””в”Ђв”Ђ rand_core v0.6.4 (*)
в”‚   в”‚   в”‚   в”‚   в”‚   в”‚   в”‚       в””в”Ђв”Ђ signature feature "rand-preview"
в”‚   в”‚   в”‚   в”‚   в”‚   в”‚   в”‚           в”њв”Ђв”Ђ signature v1.6.4 (*)
в”‚   в”‚   в”‚   в”‚   в”‚   в”‚   в”‚           в””в”Ђв”Ђ signature feature "rand_core"
в”‚   в”‚   в”‚   в”‚   в”‚   в”‚   в”‚               в””в”Ђв”Ђ signature v1.6.4 (*)
в”‚   в”‚   в”‚   в”‚   в”‚   в”‚   в”њв”Ђв”Ђ elliptic-curve feature "hazmat"
в”‚   в”‚   в”‚   в”‚   в”‚   в”‚   в”‚   в””в”Ђв”Ђ elliptic-curve v0.12.3 (*)
в”‚   в”‚   в”‚   в”‚   в”‚   в”‚   в””в”Ђв”Ђ elliptic-curve feature "sec1" (*)
в”‚   в”‚   в”‚   в”‚   в”‚   в”њв”Ђв”Ђ k256 feature "arithmetic"
в”‚   в”‚   в”‚   в”‚   в”‚   в”‚   в”њв”Ђв”Ђ k256 v0.11.6 (*)
в”‚   в”‚   в”‚   в”‚   в”‚   в”‚   в””в”Ђв”Ђ elliptic-curve feature "arithmetic"
в”‚   в”‚   в”‚   в”‚   в”‚   в”‚       в”њв”Ђв”Ђ elliptic-curve v0.12.3 (*)
в”‚   в”‚   в”‚   в”‚   в”‚   в”‚       в”њв”Ђв”Ђ elliptic-curve feature "ff"
в”‚   в”‚   в”‚   в”‚   в”‚   в”‚       в”‚   в””в”Ђв”Ђ elliptic-curve v0.12.3 (*)
в”‚   в”‚   в”‚   в”‚   в”‚   в”‚       в””в”Ђв”Ђ elliptic-curve feature "group"
в”‚   в”‚   в”‚   в”‚   в”‚   в”‚           в””в”Ђв”Ђ elliptic-curve v0.12.3 (*)
в”‚   в”‚   в”‚   в”‚   в”‚   в”њв”Ђв”Ђ k256 feature "ecdsa"
в”‚   в”‚   в”‚   в”‚   в”‚   в”‚   в”њв”Ђв”Ђ k256 v0.11.6 (*)
в”‚   в”‚   в”‚   в”‚   в”‚   в”‚   в”њв”Ђв”Ђ k256 feature "arithmetic" (*)
в”‚   в”‚   в”‚   в”‚   в”‚   в”‚   в”њв”Ђв”Ђ k256 feature "ecdsa-core"
в”‚   в”‚   в”‚   в”‚   в”‚   в”‚   в”‚   в””в”Ђв”Ђ k256 v0.11.6 (*)
в”‚   в”‚   в”‚   в”‚   в”‚   в”‚   в”њв”Ђв”Ђ k256 feature "sha256"
в”‚   в”‚   в”‚   в”‚   в”‚   в”‚   в”‚   в”њв”Ђв”Ђ k256 v0.11.6 (*)
в”‚   в”‚   в”‚   в”‚   в”‚   в”‚   в”‚   в”њв”Ђв”Ђ k256 feature "digest"
в”‚   в”‚   в”‚   в”‚   в”‚   в”‚   в”‚   в”‚   в”њв”Ђв”Ђ k256 v0.11.6 (*)
в”‚   в”‚   в”‚   в”‚   в”‚   в”‚   в”‚   в”‚   в”њв”Ђв”Ђ k256 feature "ecdsa-core" (*)
в”‚   в”‚   в”‚   в”‚   в”‚   в”‚   в”‚   в”‚   в”њв”Ђв”Ђ ecdsa feature "digest"
в”‚   в”‚   в”‚   в”‚   в”‚   в”‚   в”‚   в”‚   в”‚   в”њв”Ђв”Ђ ecdsa v0.14.8 (*)
в”‚   в”‚   в”‚   в”‚   в”‚   в”‚   в”‚   в”‚   в”‚   в””в”Ђв”Ђ signature feature "digest-preview"
в”‚   в”‚   в”‚   в”‚   в”‚   в”‚   в”‚   в”‚   в”‚       в”њв”Ђв”Ђ signature v1.6.4 (*)
в”‚   в”‚   в”‚   в”‚   в”‚   в”‚   в”‚   в”‚   в”‚       в””в”Ђв”Ђ signature feature "digest"
в”‚   в”‚   в”‚   в”‚   в”‚   в”‚   в”‚   в”‚   в”‚           в””в”Ђв”Ђ signature v1.6.4 (*)
в”‚   в”‚   в”‚   в”‚   в”‚   в”‚   в”‚   в”‚   в””в”Ђв”Ђ ecdsa feature "hazmat"
в”‚   в”‚   в”‚   в”‚   в”‚   в”‚   в”‚   в”‚       в””в”Ђв”Ђ ecdsa v0.14.8 (*)
в”‚   в”‚   в”‚   в”‚   в”‚   в”‚   в”‚   в””в”Ђв”Ђ k256 feature "sha2"
в”‚   в”‚   в”‚   в”‚   в”‚   в”‚   в”‚       в””в”Ђв”Ђ k256 v0.11.6 (*)
в”‚   в”‚   в”‚   в”‚   в”‚   в”‚   в”њв”Ђв”Ђ ecdsa feature "sign"
в”‚   в”‚   в”‚   в”‚   в”‚   в”‚   в”‚   в”њв”Ђв”Ђ ecdsa v0.14.8 (*)
в”‚   в”‚   в”‚   в”‚   в”‚   в”‚   в”‚   в”њв”Ђв”Ђ ecdsa feature "arithmetic"
в”‚   в”‚   в”‚   в”‚   в”‚   в”‚   в”‚   в”‚   в”њв”Ђв”Ђ ecdsa v0.14.8 (*)
в”‚   в”‚   в”‚   в”‚   в”‚   в”‚   в”‚   в”‚   в””в”Ђв”Ђ elliptic-curve feature "arithmetic" (*)
в”‚   в”‚   в”‚   в”‚   в”‚   в”‚   в”‚   в”њв”Ђв”Ђ ecdsa feature "digest" (*)
в”‚   в”‚   в”‚   в”‚   в”‚   в”‚   в”‚   в”њв”Ђв”Ђ ecdsa feature "hazmat" (*)
в”‚   в”‚   в”‚   в”‚   в”‚   в”‚   в”‚   в””в”Ђв”Ђ ecdsa feature "rfc6979"
в”‚   в”‚   в”‚   в”‚   в”‚   в”‚   в”‚       в””в”Ђв”Ђ ecdsa v0.14.8 (*)
в”‚   в”‚   в”‚   в”‚   в”‚   в”‚   в””в”Ђв”Ђ ecdsa feature "verify"
в”‚   в”‚   в”‚   в”‚   в”‚   в”‚       в”њв”Ђв”Ђ ecdsa v0.14.8 (*)
в”‚   в”‚   в”‚   в”‚   в”‚   в”‚       в”њв”Ђв”Ђ ecdsa feature "arithmetic" (*)
в”‚   в”‚   в”‚   в”‚   в”‚   в”‚       в”њв”Ђв”Ђ ecdsa feature "digest" (*)
в”‚   в”‚   в”‚   в”‚   в”‚   в”‚       в””в”Ђв”Ђ ecdsa feature "hazmat" (*)
в”‚   в”‚   в”‚   в”‚   в”‚   в”њв”Ђв”Ђ k256 feature "pkcs8"
в”‚   в”‚   в”‚   в”‚   в”‚   в”‚   в”њв”Ђв”Ђ k256 v0.11.6 (*)
в”‚   в”‚   в”‚   в”‚   в”‚   в”‚   в”њв”Ђв”Ђ k256 feature "ecdsa-core" (*)
в”‚   в”‚   в”‚   в”‚   в”‚   в”‚   в”њв”Ђв”Ђ ecdsa feature "pkcs8"
в”‚   в”‚   в”‚   в”‚   в”‚   в”‚   в”‚   в”њв”Ђв”Ђ ecdsa v0.14.8 (*)
в”‚   в”‚   в”‚   в”‚   в”‚   в”‚   в”‚   в”њв”Ђв”Ђ ecdsa feature "der" (*)
в”‚   в”‚   в”‚   в”‚   в”‚   в”‚   в”‚   в””в”Ђв”Ђ elliptic-curve feature "pkcs8"
в”‚   в”‚   в”‚   в”‚   в”‚   в”‚   в”‚       в””в”Ђв”Ђ elliptic-curve v0.12.3 (*)
в”‚   в”‚   в”‚   в”‚   в”‚   в”‚   в””в”Ђв”Ђ elliptic-curve feature "pkcs8" (*)
в”‚   в”‚   в”‚   в”‚   в”‚   в”њв”Ђв”Ђ k256 feature "schnorr"
в”‚   в”‚   в”‚   в”‚   в”‚   в”‚   в”њв”Ђв”Ђ k256 v0.11.6 (*)
в”‚   в”‚   в”‚   в”‚   в”‚   в”‚   в”њв”Ђв”Ђ k256 feature "arithmetic" (*)
в”‚   в”‚   в”‚   в”‚   в”‚   в”‚   в””в”Ђв”Ђ k256 feature "sha256" (*)
в”‚   в”‚   в”‚   в”‚   в”‚   в””в”Ђв”Ђ k256 feature "std"
в”‚   в”‚   в”‚   в”‚   в”‚       в”њв”Ђв”Ђ k256 v0.11.6 (*)
в”‚   в”‚   в”‚   в”‚   в”‚       в”њв”Ђв”Ђ k256 feature "ecdsa-core" (*)
в”‚   в”‚   в”‚   в”‚   в”‚       в”њв”Ђв”Ђ ecdsa feature "std"
в”‚   в”‚   в”‚   в”‚   в”‚       в”‚   в”њв”Ђв”Ђ ecdsa v0.14.8 (*)
в”‚   в”‚   в”‚   в”‚   в”‚       в”‚   в”њв”Ђв”Ђ ecdsa feature "alloc"
в”‚   в”‚   в”‚   в”‚   в”‚       в”‚   в”‚   в””в”Ђв”Ђ ecdsa v0.14.8 (*)
в”‚   в”‚   в”‚   в”‚   в”‚       в”‚   в”њв”Ђв”Ђ elliptic-curve feature "std"
в”‚   в”‚   в”‚   в”‚   в”‚       в”‚   в”‚   в”њв”Ђв”Ђ elliptic-curve v0.12.3 (*)
в”‚   в”‚   в”‚   в”‚   в”‚       в”‚   в”‚   в”њв”Ђв”Ђ rand_core feature "std" (*)
в”‚   в”‚   в”‚   в”‚   в”‚       в”‚   в”‚   в””в”Ђв”Ђ elliptic-curve feature "alloc"
в”‚   в”‚   в”‚   в”‚   в”‚       в”‚   в”‚       в”њв”Ђв”Ђ elliptic-curve v0.12.3 (*)
в”‚   в”‚   в”‚   в”‚   в”‚       в”‚   в”‚       в”њв”Ђв”Ђ zeroize feature "alloc" (*)
в”‚   в”‚   в”‚   в”‚   в”‚       в”‚   в”‚       в”њв”Ђв”Ђ der feature "alloc"
в”‚   в”‚   в”‚   в”‚   в”‚       в”‚   в”‚       в”‚   в””в”Ђв”Ђ der v0.6.1 (*)
в”‚   в”‚   в”‚   в”‚   в”‚       в”‚   в”‚       в”њв”Ђв”Ђ elliptic-curve feature "sec1" (*)
в”‚   в”‚   в”‚   в”‚   в”‚       в”‚   в”‚       в”њв”Ђв”Ђ base16ct feature "alloc"
в”‚   в”‚   в”‚   в”‚   в”‚       в”‚   в”‚       в”‚   в””в”Ђв”Ђ base16ct v0.1.1
в”‚   в”‚   в”‚   в”‚   в”‚       в”‚   в”‚       в””в”Ђв”Ђ sec1 feature "alloc"
в”‚   в”‚   в”‚   в”‚   в”‚       в”‚   в”‚           в”њв”Ђв”Ђ sec1 v0.3.0 (*)
в”‚   в”‚   в”‚   в”‚   в”‚       в”‚   в”‚           в”њв”Ђв”Ђ zeroize feature "alloc" (*)
в”‚   в”‚   в”‚   в”‚   в”‚       в”‚   в”‚           в”њв”Ђв”Ђ der feature "alloc" (*)
в”‚   в”‚   в”‚   в”‚   в”‚       в”‚   в”‚           в”њв”Ђв”Ђ pkcs8 feature "alloc"
в”‚   в”‚   в”‚   в”‚   в”‚       в”‚   в”‚           в”‚   в”њв”Ђв”Ђ pkcs8 v0.9.0 (*)
в”‚   в”‚   в”‚   в”‚   в”‚       в”‚   в”‚           в”‚   в”њв”Ђв”Ђ der feature "alloc" (*)
в”‚   в”‚   в”‚   в”‚   в”‚       в”‚   в”‚           в”‚   в”њв”Ђв”Ђ der feature "zeroize"
в”‚   в”‚   в”‚   в”‚   в”‚       в”‚   в”‚           в”‚   в”‚   в””в”Ђв”Ђ der v0.6.1 (*)
в”‚   в”‚   в”‚   в”‚   в”‚       в”‚   в”‚           в”‚   в””в”Ђв”Ђ spki feature "alloc"
в”‚   в”‚   в”‚   в”‚   в”‚       в”‚   в”‚           в”‚       в”њв”Ђв”Ђ spki v0.6.0 (*)
в”‚   в”‚   в”‚   в”‚   в”‚       в”‚   в”‚           в”‚       в”њв”Ђв”Ђ der feature "alloc" (*)
в”‚   в”‚   в”‚   в”‚   в”‚       в”‚   в”‚           в”‚       в”њв”Ђв”Ђ spki feature "base64ct"
в”‚   в”‚   в”‚   в”‚   в”‚       в”‚   в”‚           в”‚       в”‚   в””в”Ђв”Ђ spki v0.6.0 (*)
в”‚   в”‚   в”‚   в”‚   в”‚       в”‚   в”‚           в”‚       в””в”Ђв”Ђ base64ct feature "alloc"
в”‚   в”‚   в”‚   в”‚   в”‚       в”‚   в”‚           в”‚           в””в”Ђв”Ђ base64ct v1.7.3
в”‚   в”‚   в”‚   в”‚   в”‚       в”‚   в”‚           в”њв”Ђв”Ђ sec1 feature "der" (*)
в”‚   в”‚   в”‚   в”‚   в”‚       в”‚   в”‚           в”њв”Ђв”Ђ sec1 feature "pkcs8"
в”‚   в”‚   в”‚   в”‚   в”‚       в”‚   в”‚           в”‚   в””в”Ђв”Ђ sec1 v0.3.0 (*)
в”‚   в”‚   в”‚   в”‚   в”‚       в”‚   в”‚           в””в”Ђв”Ђ sec1 feature "zeroize" (*)
в”‚   в”‚   в”‚   в”‚   в”‚       в”‚   в””в”Ђв”Ђ signature feature "std"
в”‚   в”‚   в”‚   в”‚   в”‚       в”‚       в””в”Ђв”Ђ signature v1.6.4 (*)
в”‚   в”‚   в”‚   в”‚   в”‚       в””в”Ђв”Ђ elliptic-curve feature "std" (*)
в”‚   в”‚   в”‚   в”‚   в”њв”Ђв”Ђ k256 feature "ecdsa" (*)
в”‚   в”‚   в”‚   в”‚   в”њв”Ђв”Ђ log feature "default" (*)
в”‚   в”‚   в”‚   в”‚   в”њв”Ђв”Ђ rlp feature "default"
в”‚   в”‚   в”‚   в”‚   в”‚   в”њв”Ђв”Ђ rlp v0.5.2
в”‚   в”‚   в”‚   в”‚   в”‚   в”‚   в”њв”Ђв”Ђ bytes v1.10.1
в”‚   в”‚   в”‚   в”‚   в”‚   в”‚   в””в”Ђв”Ђ rustc-hex v2.1.0
в”‚   в”‚   в”‚   в”‚   в”‚   в””в”Ђв”Ђ rlp feature "std"
в”‚   в”‚   в”‚   в”‚   в”‚       в”њв”Ђв”Ђ rlp v0.5.2 (*)
в”‚   в”‚   в”‚   в”‚   в”‚       в”њв”Ђв”Ђ bytes feature "std" (*)
в”‚   в”‚   в”‚   в”‚   в”‚       в””в”Ђв”Ђ rustc-hex feature "std"
в”‚   в”‚   в”‚   в”‚   в”‚           в””в”Ђв”Ђ rustc-hex v2.1.0
в”‚   в”‚   в”‚   в”‚   в””в”Ђв”Ђ sha3 feature "default"
в”‚   в”‚   в”‚   в”‚       в”њв”Ђв”Ђ sha3 v0.10.8
в”‚   в”‚   в”‚   в”‚       в”‚   в”њв”Ђв”Ђ digest feature "default" (*)
в”‚   в”‚   в”‚   в”‚       в”‚   в””в”Ђв”Ђ keccak feature "default"
в”‚   в”‚   в”‚   в”‚       в”‚       в””в”Ђв”Ђ keccak v0.1.5
в”‚   в”‚   в”‚   в”‚       в””в”Ђв”Ђ sha3 feature "std"
в”‚   в”‚   в”‚   в”‚           в”њв”Ђв”Ђ sha3 v0.10.8 (*)
в”‚   в”‚   в”‚   в”‚           в””в”Ђв”Ђ digest feature "std" (*)
в”‚   в”‚   в”‚   в”њв”Ђв”Ђ enr feature "k256"
в”‚   в”‚   в”‚   в”‚   в””в”Ђв”Ђ enr v0.6.2 (*)
в”‚   в”‚   в”‚   в””в”Ђв”Ђ enr feature "serde"
в”‚   в”‚   в”‚       в””в”Ђв”Ђ enr v0.6.2 (*)
в”‚   в”‚   в”њв”Ђв”Ђ integer-sqrt feature "default"
в”‚   в”‚   в”‚   в””в”Ђв”Ђ integer-sqrt v0.1.5
в”‚   в”‚   в”‚       в””в”Ђв”Ђ num-traits v0.2.19 (*)
в”‚   в”‚   в”њв”Ђв”Ђ multiaddr feature "default"
в”‚   в”‚   в”‚   в”њв”Ђв”Ђ multiaddr v0.14.0
в”‚   в”‚   в”‚   в”‚   в”њв”Ђв”Ђ url v2.5.4
в”‚   в”‚   в”‚   в”‚   в”‚   в”њв”Ђв”Ђ percent-encoding feature "alloc"
в”‚   в”‚   в”‚   в”‚   в”‚   в”‚   в””в”Ђв”Ђ percent-encoding v2.3.1
в”‚   в”‚   в”‚   в”‚   в”‚   в”њв”Ђв”Ђ form_urlencoded feature "alloc"
в”‚   в”‚   в”‚   в”‚   в”‚   в”‚   в”њв”Ђв”Ђ form_urlencoded v1.2.1
в”‚   в”‚   в”‚   в”‚   в”‚   в”‚   в”‚   в””в”Ђв”Ђ percent-encoding v2.3.1
в”‚   в”‚   в”‚   в”‚   в”‚   в”‚   в””в”Ђв”Ђ percent-encoding feature "alloc" (*)
в”‚   в”‚   в”‚   в”‚   в”‚   в”њв”Ђв”Ђ idna feature "alloc"
в”‚   в”‚   в”‚   в”‚   в”‚   в”‚   в””в”Ђв”Ђ idna v1.0.3
в”‚   в”‚   в”‚   в”‚   в”‚   в”‚       в”њв”Ђв”Ђ idna_adapter feature "default"
в”‚   в”‚   в”‚   в”‚   в”‚   в”‚       в”‚   в””в”Ђв”Ђ idna_adapter v1.2.1
в”‚   в”‚   в”‚   в”‚   в”‚   в”‚       в”‚       в”њв”Ђв”Ђ icu_normalizer v2.0.0
в”‚   в”‚   в”‚   в”‚   в”‚   в”‚       в”‚       в”‚   в”њв”Ђв”Ђ displaydoc v0.2.5 (proc-macro)
в”‚   в”‚   в”‚   в”‚   в”‚   в”‚       в”‚       в”‚   в”‚   в”њв”Ђв”Ђ syn feature "default" (*)
в”‚   в”‚   в”‚   в”‚   в”‚   в”‚       в”‚       в”‚   в”‚   в”њв”Ђв”Ђ proc-macro2 feature "default" (*)
в”‚   в”‚   в”‚   в”‚   в”‚   в”‚       в”‚       в”‚   в”‚   в””в”Ђв”Ђ quote feature "default" (*)
в”‚   в”‚   в”‚   в”‚   в”‚   в”‚       в”‚       в”‚   в”њв”Ђв”Ђ icu_collections v2.0.0
в”‚   в”‚   в”‚   в”‚   в”‚   в”‚       в”‚       в”‚   в”‚   в”њв”Ђв”Ђ displaydoc v0.2.5 (proc-macro) (*)
в”‚   в”‚   в”‚   в”‚   в”‚   в”‚       в”‚       в”‚   в”‚   в”њв”Ђв”Ђ potential_utf feature "zerovec"
в”‚   в”‚   в”‚   в”‚   в”‚   в”‚       в”‚       в”‚   в”‚   в”‚   в””в”Ђв”Ђ potential_utf v0.1.2
в”‚   в”‚   в”‚   в”‚   в”‚   в”‚       в”‚       в”‚   в”‚   в”‚       в””в”Ђв”Ђ zerovec v0.11.2
в”‚   в”‚   в”‚   в”‚   в”‚   в”‚       в”‚       в”‚   в”‚   в”‚           в”њв”Ђв”Ђ yoke v0.8.0
в”‚   в”‚   в”‚   в”‚   в”‚   в”‚       в”‚       в”‚   в”‚   в”‚           в”‚   в”њв”Ђв”Ђ stable_deref_trait v1.2.0
в”‚   в”‚   в”‚   в”‚   в”‚   в”‚       в”‚       в”‚   в”‚   в”‚           в”‚   в”њв”Ђв”Ђ yoke-derive v0.8.0 (proc-macro)
в”‚   в”‚   в”‚   в”‚   в”‚   в”‚       в”‚       в”‚   в”‚   в”‚           в”‚   в”‚   в”њв”Ђв”Ђ syn feature "default" (*)
в”‚   в”‚   в”‚   в”‚   в”‚   в”‚       в”‚       в”‚   в”‚   в”‚           в”‚   в”‚   в”њв”Ђв”Ђ syn feature "fold"
в”‚   в”‚   в”‚   в”‚   в”‚   в”‚       в”‚       в”‚   в”‚   в”‚           в”‚   в”‚   в”‚   в””в”Ђв”Ђ syn v2.0.101 (*)
в”‚   в”‚   в”‚   в”‚   в”‚   в”‚       в”‚       в”‚   в”‚   в”‚           в”‚   в”‚   в”њв”Ђв”Ђ proc-macro2 feature "default" (*)
в”‚   в”‚   в”‚   в”‚   в”‚   в”‚       в”‚       в”‚   в”‚   в”‚           в”‚   в”‚   в”њв”Ђв”Ђ quote feature "default" (*)
в”‚   в”‚   в”‚   в”‚   в”‚   в”‚       в”‚       в”‚   в”‚   в”‚           в”‚   в”‚   в””в”Ђв”Ђ synstructure feature "default"
в”‚   в”‚   в”‚   в”‚   в”‚   в”‚       в”‚       в”‚   в”‚   в”‚           в”‚   в”‚       в”њв”Ђв”Ђ synstructure v0.13.2
в”‚   в”‚   в”‚   в”‚   в”‚   в”‚       в”‚       в”‚   в”‚   в”‚           в”‚   в”‚       в”‚   в”њв”Ђв”Ђ proc-macro2 v1.0.95 (*)
в”‚   в”‚   в”‚   в”‚   в”‚   в”‚       в”‚       в”‚   в”‚   в”‚           в”‚   в”‚       в”‚   в”њв”Ђв”Ђ quote v1.0.40 (*)
в”‚   в”‚   в”‚   в”‚   в”‚   в”‚       в”‚       в”‚   в”‚   в”‚           в”‚   в”‚       в”‚   в”њв”Ђв”Ђ syn feature "clone-impls" (*)
в”‚   в”‚   в”‚   в”‚   в”‚   в”‚       в”‚       в”‚   в”‚   в”‚           в”‚   в”‚       в”‚   в”њв”Ђв”Ђ syn feature "derive" (*)
в”‚   в”‚   в”‚   в”‚   в”‚   в”‚       в”‚       в”‚   в”‚   в”‚           в”‚   в”‚       в”‚   в”њв”Ђв”Ђ syn feature "extra-traits" (*)
в”‚   в”‚   в”‚   в”‚   в”‚   в”‚       в”‚       в”‚   в”‚   в”‚           в”‚   в”‚       в”‚   в”њв”Ђв”Ђ syn feature "parsing" (*)
в”‚   в”‚   в”‚   в”‚   в”‚   в”‚       в”‚       в”‚   в”‚   в”‚           в”‚   в”‚       в”‚   в”њв”Ђв”Ђ syn feature "printing" (*)
в”‚   в”‚   в”‚   в”‚   в”‚   в”‚       в”‚       в”‚   в”‚   в”‚           в”‚   в”‚       в”‚   в””в”Ђв”Ђ syn feature "visit"
в”‚   в”‚   в”‚   в”‚   в”‚   в”‚       в”‚       в”‚   в”‚   в”‚           в”‚   в”‚       в”‚       в””в”Ђв”Ђ syn v2.0.101 (*)
в”‚   в”‚   в”‚   в”‚   в”‚   в”‚       в”‚       в”‚   в”‚   в”‚           в”‚   в”‚       в””в”Ђв”Ђ synstructure feature "proc-macro"
в”‚   в”‚   в”‚   в”‚   в”‚   в”‚       в”‚       в”‚   в”‚   в”‚           в”‚   в”‚           в”њв”Ђв”Ђ synstructure v0.13.2 (*)
в”‚   в”‚   в”‚   в”‚   в”‚   в”‚       в”‚       в”‚   в”‚   в”‚           в”‚   в”‚           в”њв”Ђв”Ђ syn feature "proc-macro" (*)
в”‚   в”‚   в”‚   в”‚   в”‚   в”‚       в”‚       в”‚   в”‚   в”‚           в”‚   в”‚           в”њв”Ђв”Ђ proc-macro2 feature "proc-macro" (*)
в”‚   в”‚   в”‚   в”‚   в”‚   в”‚       в”‚       в”‚   в”‚   в”‚           в”‚   в”‚           в””в”Ђв”Ђ quote feature "proc-macro" (*)
в”‚   в”‚   в”‚   в”‚   в”‚   в”‚       в”‚       в”‚   в”‚   в”‚           в”‚   в””в”Ђв”Ђ zerofrom v0.1.6
в”‚   в”‚   в”‚   в”‚   в”‚   в”‚       в”‚       в”‚   в”‚   в”‚           в”‚       в””в”Ђв”Ђ zerofrom-derive v0.1.6 (proc-macro)
в”‚   в”‚   в”‚   в”‚   в”‚   в”‚       в”‚       в”‚   в”‚   в”‚           в”‚           в”њв”Ђв”Ђ syn feature "default" (*)
в”‚   в”‚   в”‚   в”‚   в”‚   в”‚       в”‚       в”‚   в”‚   в”‚           в”‚           в”њв”Ђв”Ђ syn feature "fold" (*)
в”‚   в”‚   в”‚   в”‚   в”‚   в”‚       в”‚       в”‚   в”‚   в”‚           в”‚           в”њв”Ђв”Ђ proc-macro2 feature "default" (*)
в”‚   в”‚   в”‚   в”‚   в”‚   в”‚       в”‚       в”‚   в”‚   в”‚           в”‚           в”њв”Ђв”Ђ quote feature "default" (*)
в”‚   в”‚   в”‚   в”‚   в”‚   в”‚       в”‚       в”‚   в”‚   в”‚           в”‚           в””в”Ђв”Ђ synstructure feature "default" (*)
в”‚   в”‚   в”‚   в”‚   в”‚   в”‚       в”‚       в”‚   в”‚   в”‚           в”њв”Ђв”Ђ zerofrom v0.1.6 (*)
в”‚   в”‚   в”‚   в”‚   в”‚   в”‚       в”‚       в”‚   в”‚   в”‚           в””в”Ђв”Ђ zerovec-derive v0.11.1 (proc-macro)
в”‚   в”‚   в”‚   в”‚   в”‚   в”‚       в”‚       в”‚   в”‚   в”‚               в”њв”Ђв”Ђ syn feature "default" (*)
в”‚   в”‚   в”‚   в”‚   в”‚   в”‚       в”‚       в”‚   в”‚   в”‚               в”њв”Ђв”Ђ syn feature "extra-traits" (*)
в”‚   в”‚   в”‚   в”‚   в”‚   в”‚       в”‚       в”‚   в”‚   в”‚               в”њв”Ђв”Ђ proc-macro2 feature "default" (*)
в”‚   в”‚   в”‚   в”‚   в”‚   в”‚       в”‚       в”‚   в”‚   в”‚               в””в”Ђв”Ђ quote feature "default" (*)
в”‚   в”‚   в”‚   в”‚   в”‚   в”‚       в”‚       в”‚   в”‚   в”њв”Ђв”Ђ zerovec feature "derive"
в”‚   в”‚   в”‚   в”‚   в”‚   в”‚       в”‚       в”‚   в”‚   в”‚   в””в”Ђв”Ђ zerovec v0.11.2 (*)
в”‚   в”‚   в”‚   в”‚   в”‚   в”‚       в”‚       в”‚   в”‚   в”њв”Ђв”Ђ zerovec feature "yoke"
в”‚   в”‚   в”‚   в”‚   в”‚   в”‚       в”‚       в”‚   в”‚   в”‚   в””в”Ђв”Ђ zerovec v0.11.2 (*)
в”‚   в”‚   в”‚   в”‚   в”‚   в”‚       в”‚       в”‚   в”‚   в”њв”Ђв”Ђ yoke feature "derive"
в”‚   в”‚   в”‚   в”‚   в”‚   в”‚       в”‚       в”‚   в”‚   в”‚   в”њв”Ђв”Ђ yoke v0.8.0 (*)
в”‚   в”‚   в”‚   в”‚   в”‚   в”‚       в”‚       в”‚   в”‚   в”‚   в”њв”Ђв”Ђ yoke feature "zerofrom"
в”‚   в”‚   в”‚   в”‚   в”‚   в”‚       в”‚       в”‚   в”‚   в”‚   в”‚   в””в”Ђв”Ђ yoke v0.8.0 (*)
в”‚   в”‚   в”‚   в”‚   в”‚   в”‚       в”‚       в”‚   в”‚   в”‚   в””в”Ђв”Ђ zerofrom feature "derive"
в”‚   в”‚   в”‚   в”‚   в”‚   в”‚       в”‚       в”‚   в”‚   в”‚       в””в”Ђв”Ђ zerofrom v0.1.6 (*)
в”‚   в”‚   в”‚   в”‚   в”‚   в”‚       в”‚       в”‚   в”‚   в””в”Ђв”Ђ zerofrom feature "derive" (*)
в”‚   в”‚   в”‚   в”‚   в”‚   в”‚       в”‚       в”‚   в”њв”Ђв”Ђ icu_normalizer_data v2.0.0
в”‚   в”‚   в”‚   в”‚   в”‚   в”‚       в”‚       в”‚   в”њв”Ђв”Ђ icu_provider v2.0.0
в”‚   в”‚   в”‚   в”‚   в”‚   в”‚       в”‚       в”‚   в”‚   в”њв”Ђв”Ђ displaydoc v0.2.5 (proc-macro) (*)
в”‚   в”‚   в”‚   в”‚   в”‚   в”‚       в”‚       в”‚   в”‚   в”њв”Ђв”Ђ icu_locale_core v2.0.0
в”‚   в”‚   в”‚   в”‚   в”‚   в”‚       в”‚       в”‚   в”‚   в”‚   в”њв”Ђв”Ђ displaydoc v0.2.5 (proc-macro) (*)
в”‚   в”‚   в”‚   в”‚   в”‚   в”‚       в”‚       в”‚   в”‚   в”‚   в”њв”Ђв”Ђ writeable v0.6.1
в”‚   в”‚   в”‚   в”‚   в”‚   в”‚       в”‚       в”‚   в”‚   в”‚   в”њв”Ђв”Ђ zerovec v0.11.2 (*)
в”‚   в”‚   в”‚   в”‚   в”‚   в”‚       в”‚       в”‚   в”‚   в”‚   в”њв”Ђв”Ђ litemap feature "alloc"
в”‚   в”‚   в”‚   в”‚   в”‚   в”‚       в”‚       в”‚   в”‚   в”‚   в”‚   в””в”Ђв”Ђ litemap v0.8.0
в”‚   в”‚   в”‚   в”‚   в”‚   в”‚       в”‚       в”‚   в”‚   в”‚   в””в”Ђв”Ђ tinystr feature "alloc"
в”‚   в”‚   в”‚   в”‚   в”‚   в”‚       в”‚       в”‚   в”‚   в”‚       в”њв”Ђв”Ђ tinystr v0.8.1
в”‚   в”‚   в”‚   в”‚   в”‚   в”‚       в”‚       в”‚   в”‚   в”‚       в”‚   в”њв”Ђв”Ђ displaydoc v0.2.5 (proc-macro) (*)
в”‚   в”‚   в”‚   в”‚   в”‚   в”‚       в”‚       в”‚   в”‚   в”‚       в”‚   в””в”Ђв”Ђ zerovec v0.11.2 (*)
в”‚   в”‚   в”‚   в”‚   в”‚   в”‚       в”‚       в”‚   в”‚   в”‚       в””в”Ђв”Ђ zerovec feature "alloc"
в”‚   в”‚   в”‚   в”‚   в”‚   в”‚       в”‚       в”‚   в”‚   в”‚           в””в”Ђв”Ђ zerovec v0.11.2 (*)
в”‚   в”‚   в”‚   в”‚   в”‚   в”‚       в”‚       в”‚   в”‚   в”њв”Ђв”Ђ stable_deref_trait v1.2.0
в”‚   в”‚   в”‚   в”‚   в”‚   в”‚       в”‚       в”‚   в”‚   в”њв”Ђв”Ђ tinystr v0.8.1 (*)
в”‚   в”‚   в”‚   в”‚   в”‚   в”‚       в”‚       в”‚   в”‚   в”њв”Ђв”Ђ writeable v0.6.1
в”‚   в”‚   в”‚   в”‚   в”‚   в”‚       в”‚       в”‚   в”‚   в”њв”Ђв”Ђ zerotrie v0.2.2
в”‚   в”‚   в”‚   в”‚   в”‚   в”‚       в”‚       в”‚   в”‚   в”‚   в”њв”Ђв”Ђ displaydoc v0.2.5 (proc-macro) (*)
в”‚   в”‚   в”‚   в”‚   в”‚   в”‚       в”‚       в”‚   в”‚   в”‚   в”њв”Ђв”Ђ zerofrom v0.1.6 (*)
в”‚   в”‚   в”‚   в”‚   в”‚   в”‚       в”‚       в”‚   в”‚   в”‚   в””в”Ђв”Ђ yoke feature "derive" (*)
в”‚   в”‚   в”‚   в”‚   в”‚   в”‚       в”‚       в”‚   в”‚   в”њв”Ђв”Ђ zerovec feature "derive" (*)
в”‚   в”‚   в”‚   в”‚   в”‚   в”‚       в”‚       в”‚   в”‚   в”њв”Ђв”Ђ yoke feature "alloc"
в”‚   в”‚   в”‚   в”‚   в”‚   в”‚       в”‚       в”‚   в”‚   в”‚   в”њв”Ђв”Ђ yoke v0.8.0 (*)
в”‚   в”‚   в”‚   в”‚   в”‚   в”‚       в”‚       в”‚   в”‚   в”‚   в”њв”Ђв”Ђ yoke feature "zerofrom" (*)
в”‚   в”‚   в”‚   в”‚   в”‚   в”‚       в”‚       в”‚   в”‚   в”‚   в”њв”Ђв”Ђ stable_deref_trait feature "alloc"
в”‚   в”‚   в”‚   в”‚   в”‚   в”‚       в”‚       в”‚   в”‚   в”‚   в”‚   в””в”Ђв”Ђ stable_deref_trait v1.2.0
в”‚   в”‚   в”‚   в”‚   в”‚   в”‚       в”‚       в”‚   в”‚   в”‚   в””в”Ђв”Ђ zerofrom feature "alloc"
в”‚   в”‚   в”‚   в”‚   в”‚   в”‚       в”‚       в”‚   в”‚   в”‚       в””в”Ђв”Ђ zerofrom v0.1.6 (*)
в”‚   в”‚   в”‚   в”‚   в”‚   в”‚       в”‚       в”‚   в”‚   в”њв”Ђв”Ђ yoke feature "derive" (*)
в”‚   в”‚   в”‚   в”‚   в”‚   в”‚       в”‚       в”‚   в”‚   в”њв”Ђв”Ђ zerofrom feature "alloc" (*)
в”‚   в”‚   в”‚   в”‚   в”‚   в”‚       в”‚       в”‚   в”‚   в””в”Ђв”Ђ zerofrom feature "derive" (*)
в”‚   в”‚   в”‚   в”‚   в”‚   в”‚       в”‚       в”‚   в”њв”Ђв”Ђ smallvec v1.15.0
в”‚   в”‚   в”‚   в”‚   в”‚   в”‚       в”‚       в”‚   в””в”Ђв”Ђ zerovec v0.11.2 (*)
в”‚   в”‚   в”‚   в”‚   в”‚   в”‚       в”‚       в””в”Ђв”Ђ icu_properties v2.0.1
в”‚   в”‚   в”‚   в”‚   в”‚   в”‚       в”‚           в”њв”Ђв”Ђ displaydoc v0.2.5 (proc-macro) (*)
в”‚   в”‚   в”‚   в”‚   в”‚   в”‚       в”‚           в”њв”Ђв”Ђ icu_collections v2.0.0 (*)
в”‚   в”‚   в”‚   в”‚   в”‚   в”‚       в”‚           в”њв”Ђв”Ђ icu_properties_data v2.0.1
в”‚   в”‚   в”‚   в”‚   в”‚   в”‚       в”‚           в”њв”Ђв”Ђ icu_provider v2.0.0 (*)
в”‚   в”‚   в”‚   в”‚   в”‚   в”‚       в”‚           в”њв”Ђв”Ђ potential_utf feature "zerovec" (*)
в”‚   в”‚   в”‚   в”‚   в”‚   в”‚       в”‚           в”њв”Ђв”Ђ zerovec feature "derive" (*)
в”‚   в”‚   в”‚   в”‚   в”‚   в”‚       в”‚           в”њв”Ђв”Ђ zerovec feature "yoke" (*)
в”‚   в”‚   в”‚   в”‚   в”‚   в”‚       в”‚           в”њв”Ђв”Ђ icu_locale_core feature "zerovec"
в”‚   в”‚   в”‚   в”‚   в”‚   в”‚       в”‚           в”‚   в”њв”Ђв”Ђ icu_locale_core v2.0.0 (*)
в”‚   в”‚   в”‚   в”‚   в”‚   в”‚       в”‚           в”‚   в””в”Ђв”Ђ tinystr feature "zerovec"
в”‚   в”‚   в”‚   в”‚   в”‚   в”‚       в”‚           в”‚       в””в”Ђв”Ђ tinystr v0.8.1 (*)
в”‚   в”‚   в”‚   в”‚   в”‚   в”‚       в”‚           в”њв”Ђв”Ђ zerotrie feature "yoke"
в”‚   в”‚   в”‚   в”‚   в”‚   в”‚       в”‚           в”‚   в””в”Ђв”Ђ zerotrie v0.2.2 (*)
в”‚   в”‚   в”‚   в”‚   в”‚   в”‚       в”‚           в””в”Ђв”Ђ zerotrie feature "zerofrom"
в”‚   в”‚   в”‚   в”‚   в”‚   в”‚       в”‚               в””в”Ђв”Ђ zerotrie v0.2.2 (*)
в”‚   в”‚   в”‚   в”‚   в”‚   в”‚       в”њв”Ђв”Ђ smallvec feature "const_generics"
в”‚   в”‚   в”‚   в”‚   в”‚   в”‚       в”‚   в””в”Ђв”Ђ smallvec v1.15.0
в”‚   в”‚   в”‚   в”‚   в”‚   в”‚       в”њв”Ђв”Ђ smallvec feature "default"
в”‚   в”‚   в”‚   в”‚   в”‚   в”‚       в”‚   в””в”Ђв”Ђ smallvec v1.15.0
в”‚   в”‚   в”‚   в”‚   в”‚   в”‚       в””в”Ђв”Ђ utf8_iter feature "default"
в”‚   в”‚   в”‚   в”‚   в”‚   в”‚           в””в”Ђв”Ђ utf8_iter v1.0.4
в”‚   в”‚   в”‚   в”‚   в”‚   в””в”Ђв”Ђ idna feature "compiled_data"
в”‚   в”‚   в”‚   в”‚   в”‚       в”њв”Ђв”Ђ idna v1.0.3 (*)
в”‚   в”‚   в”‚   в”‚   в”‚       в””в”Ђв”Ђ idna_adapter feature "compiled_data"
в”‚   в”‚   в”‚   в”‚   в”‚           в”њв”Ђв”Ђ idna_adapter v1.2.1 (*)
в”‚   в”‚   в”‚   в”‚   в”‚           в”њв”Ђв”Ђ icu_normalizer feature "compiled_data"
в”‚   в”‚   в”‚   в”‚   в”‚           в”‚   в”њв”Ђв”Ђ icu_normalizer v2.0.0 (*)
в”‚   в”‚   в”‚   в”‚   в”‚           в”‚   в””в”Ђв”Ђ icu_provider feature "baked"
в”‚   в”‚   в”‚   в”‚   в”‚           в”‚       в”њв”Ђв”Ђ icu_provider v2.0.0 (*)
в”‚   в”‚   в”‚   в”‚   в”‚           в”‚       в””в”Ђв”Ђ icu_provider feature "zerotrie"
в”‚   в”‚   в”‚   в”‚   в”‚           в”‚           в””в”Ђв”Ђ icu_provider v2.0.0 (*)
в”‚   в”‚   в”‚   в”‚   в”‚           в””в”Ђв”Ђ icu_properties feature "compiled_data"
в”‚   в”‚   в”‚   в”‚   в”‚               в”њв”Ђв”Ђ icu_properties v2.0.1 (*)
в”‚   в”‚   в”‚   в”‚   в”‚               в””в”Ђв”Ђ icu_provider feature "baked" (*)
в”‚   в”‚   в”‚   в”‚   в”њв”Ђв”Ђ serde feature "default" (*)
в”‚   в”‚   в”‚   в”‚   в”њв”Ђв”Ђ arrayref feature "default" (*)
в”‚   в”‚   в”‚   в”‚   в”њв”Ђв”Ђ static_assertions feature "default" (*)
в”‚   в”‚   в”‚   в”‚   в”њв”Ђв”Ђ bs58 feature "default" (*)
в”‚   в”‚   в”‚   в”‚   в”њв”Ђв”Ђ byteorder feature "default"
в”‚   в”‚   в”‚   в”‚   в”‚   в”њв”Ђв”Ђ byteorder v1.5.0
в”‚   в”‚   в”‚   в”‚   в”‚   в””в”Ђв”Ђ byteorder feature "std"
в”‚   в”‚   в”‚   в”‚   в”‚       в””в”Ђв”Ђ byteorder v1.5.0
в”‚   в”‚   в”‚   в”‚   в”њв”Ђв”Ђ data-encoding feature "default"
в”‚   в”‚   в”‚   в”‚   в”‚   в”њв”Ђв”Ђ data-encoding v2.9.0
в”‚   в”‚   в”‚   в”‚   в”‚   в””в”Ђв”Ђ data-encoding feature "std"
в”‚   в”‚   в”‚   в”‚   в”‚       в”њв”Ђв”Ђ data-encoding v2.9.0
в”‚   в”‚   в”‚   в”‚   в”‚       в””в”Ђв”Ђ data-encoding feature "alloc"
в”‚   в”‚   в”‚   в”‚   в”‚           в””в”Ђв”Ђ data-encoding v2.9.0
в”‚   в”‚   в”‚   в”‚   в”њв”Ђв”Ђ multihash feature "identity"
в”‚   в”‚   в”‚   в”‚   в”‚   в””в”Ђв”Ђ multihash v0.16.3
в”‚   в”‚   в”‚   в”‚   в”‚       в”њв”Ђв”Ђ core2 v0.4.0
в”‚   в”‚   в”‚   в”‚   в”‚       в”‚   в””в”Ђв”Ђ memchr v2.7.4
в”‚   в”‚   в”‚   в”‚   в”‚       в”њв”Ђв”Ђ digest v0.10.7 (*)
в”‚   в”‚   в”‚   в”‚   в”‚       в”њв”Ђв”Ђ multihash-derive v0.8.1 (proc-macro)
в”‚   в”‚   в”‚   в”‚   в”‚       в”‚   в”њв”Ђв”Ђ proc-macro2 feature "default" (*)
в”‚   в”‚   в”‚   в”‚   в”‚       в”‚   в”њв”Ђв”Ђ proc-macro2 feature "span-locations"
в”‚   в”‚   в”‚   в”‚   в”‚       в”‚   в”‚   в””в”Ђв”Ђ proc-macro2 v1.0.95 (*)
в”‚   в”‚   в”‚   в”‚   в”‚       в”‚   в”њв”Ђв”Ђ quote feature "default" (*)
в”‚   в”‚   в”‚   в”‚   в”‚       в”‚   в”њв”Ђв”Ђ syn feature "default" (*)
в”‚   в”‚   в”‚   в”‚   в”‚       в”‚   в”њв”Ђв”Ђ proc-macro-crate feature "default"
в”‚   в”‚   в”‚   в”‚   в”‚       в”‚   в”‚   в””в”Ђв”Ђ proc-macro-crate v1.1.3
в”‚   в”‚   в”‚   в”‚   в”‚       в”‚   в”‚       в”њв”Ђв”Ђ thiserror feature "default"
в”‚   в”‚   в”‚   в”‚   в”‚       в”‚   в”‚       в”‚   в””в”Ђв”Ђ thiserror v1.0.69
в”‚   в”‚   в”‚   в”‚   в”‚       в”‚   в”‚       в”‚       в””в”Ђв”Ђ thiserror-impl feature "default" (*)
в”‚   в”‚   в”‚   в”‚   в”‚       в”‚   в”‚       в””в”Ђв”Ђ toml feature "default"
в”‚   в”‚   в”‚   в”‚   в”‚       в”‚   в”‚           в””в”Ђв”Ђ toml v0.5.11
в”‚   в”‚   в”‚   в”‚   в”‚       в”‚   в”‚               в””в”Ђв”Ђ serde feature "default"
в”‚   в”‚   в”‚   в”‚   в”‚       в”‚   в”‚                   в”њв”Ђв”Ђ serde v1.0.219
в”‚   в”‚   в”‚   в”‚   в”‚       в”‚   в”‚                   в”‚   в””в”Ђв”Ђ serde_derive feature "default" (*)
в”‚   в”‚   в”‚   в”‚   в”‚       в”‚   в”‚                   в””в”Ђв”Ђ serde feature "std"
в”‚   в”‚   в”‚   в”‚   в”‚       в”‚   в”‚                       в””в”Ђв”Ђ serde v1.0.219 (*)
в”‚   в”‚   в”‚   в”‚   в”‚       в”‚   в”њв”Ђв”Ђ proc-macro-error feature "default"
в”‚   в”‚   в”‚   в”‚   в”‚       в”‚   в”‚   в”њв”Ђв”Ђ proc-macro-error v1.0.4
в”‚   в”‚   в”‚   в”‚   в”‚       в”‚   в”‚   в”‚   в”њв”Ђв”Ђ syn v1.0.109 (*)
в”‚   в”‚   в”‚   в”‚   в”‚       в”‚   в”‚   в”‚   в”њв”Ђв”Ђ proc-macro2 feature "default" (*)
в”‚   в”‚   в”‚   в”‚   в”‚       в”‚   в”‚   в”‚   в”њв”Ђв”Ђ quote feature "default" (*)
в”‚   в”‚   в”‚   в”‚   в”‚       в”‚   в”‚   в”‚   в””в”Ђв”Ђ proc-macro-error-attr feature "default"
в”‚   в”‚   в”‚   в”‚   в”‚       в”‚   в”‚   в”‚       в””в”Ђв”Ђ proc-macro-error-attr v1.0.4 (proc-macro)
в”‚   в”‚   в”‚   в”‚   в”‚       в”‚   в”‚   в”‚           в”њв”Ђв”Ђ proc-macro2 feature "default" (*)
в”‚   в”‚   в”‚   в”‚   в”‚       в”‚   в”‚   в”‚           в””в”Ђв”Ђ quote feature "default" (*)
в”‚   в”‚   в”‚   в”‚   в”‚       в”‚   в”‚   в”‚           [build-dependencies]
в”‚   в”‚   в”‚   в”‚   в”‚       в”‚   в”‚   в”‚           в””в”Ђв”Ђ version_check feature "default" (*)
в”‚   в”‚   в”‚   в”‚   в”‚       в”‚   в”‚   в”‚   [build-dependencies]
в”‚   в”‚   в”‚   в”‚   в”‚       в”‚   в”‚   в”‚   в””в”Ђв”Ђ version_check feature "default" (*)
в”‚   в”‚   в”‚   в”‚   в”‚       в”‚   в”‚   в””в”Ђв”Ђ proc-macro-error feature "syn-error"
в”‚   в”‚   в”‚   в”‚   в”‚       в”‚   в”‚       в”њв”Ђв”Ђ proc-macro-error v1.0.4 (*)
в”‚   в”‚   в”‚   в”‚   в”‚       в”‚   в”‚       в””в”Ђв”Ђ proc-macro-error feature "syn"
в”‚   в”‚   в”‚   в”‚   в”‚       в”‚   в”‚           в””в”Ђв”Ђ proc-macro-error v1.0.4 (*)
в”‚   в”‚   в”‚   в”‚   в”‚       в”‚   в””в”Ђв”Ђ synstructure feature "default"
в”‚   в”‚   в”‚   в”‚   в”‚       в”‚       в”њв”Ђв”Ђ synstructure v0.12.6
в”‚   в”‚   в”‚   в”‚   в”‚       в”‚       в”‚   в”њв”Ђв”Ђ proc-macro2 v1.0.95 (*)
в”‚   в”‚   в”‚   в”‚   в”‚       в”‚       в”‚   в”њв”Ђв”Ђ quote v1.0.40 (*)
в”‚   в”‚   в”‚   в”‚   в”‚       в”‚       в”‚   в”њв”Ђв”Ђ syn feature "clone-impls" (*)
в”‚   в”‚   в”‚   в”‚   в”‚       в”‚       в”‚   в”њв”Ђв”Ђ syn feature "derive" (*)
в”‚   в”‚   в”‚   в”‚   в”‚       в”‚       в”‚   в”њв”Ђв”Ђ syn feature "extra-traits"
в”‚   в”‚   в”‚   в”‚   в”‚       в”‚       в”‚   в”‚   в””в”Ђв”Ђ syn v1.0.109 (*)
в”‚   в”‚   в”‚   в”‚   в”‚       в”‚       в”‚   в”њв”Ђв”Ђ syn feature "parsing" (*)
в”‚   в”‚   в”‚   в”‚   в”‚       в”‚       в”‚   в”њв”Ђв”Ђ syn feature "printing" (*)
в”‚   в”‚   в”‚   в”‚   в”‚       в”‚       в”‚   в”њв”Ђв”Ђ syn feature "visit"
в”‚   в”‚   в”‚   в”‚   в”‚       в”‚       в”‚   в”‚   в””в”Ђв”Ђ syn v1.0.109 (*)
в”‚   в”‚   в”‚   в”‚   в”‚       в”‚       в”‚   в””в”Ђв”Ђ unicode-xid feature "default"
в”‚   в”‚   в”‚   в”‚   в”‚       в”‚       в”‚       в””в”Ђв”Ђ unicode-xid v0.2.6
в”‚   в”‚   в”‚   в”‚   в”‚       в”‚       в””в”Ђв”Ђ synstructure feature "proc-macro"
в”‚   в”‚   в”‚   в”‚   в”‚       в”‚           в”њв”Ђв”Ђ synstructure v0.12.6 (*)
в”‚   в”‚   в”‚   в”‚   в”‚       в”‚           в”њв”Ђв”Ђ proc-macro2 feature "proc-macro" (*)
в”‚   в”‚   в”‚   в”‚   в”‚       в”‚           в”њв”Ђв”Ђ quote feature "proc-macro" (*)
в”‚   в”‚   в”‚   в”‚   в”‚       в”‚           в””в”Ђв”Ђ syn feature "proc-macro" (*)
в”‚   в”‚   в”‚   в”‚   в”‚       в”њв”Ђв”Ђ sha2 v0.10.9 (*)
в”‚   в”‚   в”‚   в”‚   в”‚       в””в”Ђв”Ђ unsigned-varint v0.7.2
в”‚   в”‚   в”‚   в”‚   в”њв”Ђв”Ђ multihash feature "multihash-impl"
в”‚   в”‚   в”‚   в”‚   в”‚   в”њв”Ђв”Ђ multihash v0.16.3 (*)
в”‚   в”‚   в”‚   в”‚   в”‚   в””в”Ђв”Ђ multihash feature "derive"
в”‚   в”‚   в”‚   в”‚   в”‚       в”њв”Ђв”Ђ multihash v0.16.3 (*)
в”‚   в”‚   в”‚   в”‚   в”‚       в””в”Ђв”Ђ multihash feature "multihash-derive"
в”‚   в”‚   в”‚   в”‚   в”‚           в””в”Ђв”Ђ multihash v0.16.3 (*)
в”‚   в”‚   в”‚   в”‚   в”њв”Ђв”Ђ multihash feature "std"
в”‚   в”‚   в”‚   в”‚   в”‚   в”њв”Ђв”Ђ multihash v0.16.3 (*)
в”‚   в”‚   в”‚   в”‚   в”‚   в”њв”Ђв”Ђ multihash feature "alloc"
в”‚   в”‚   в”‚   в”‚   в”‚   в”‚   в”њв”Ђв”Ђ multihash v0.16.3 (*)
в”‚   в”‚   в”‚   в”‚   в”‚   в”‚   в””в”Ђв”Ђ core2 feature "alloc"
в”‚   в”‚   в”‚   в”‚   в”‚   в”‚       в””в”Ђв”Ђ core2 v0.4.0 (*)
в”‚   в”‚   в”‚   в”‚   в”‚   в”њв”Ђв”Ђ multihash feature "multihash-derive" (*)
в”‚   в”‚   в”‚   в”‚   в”‚   в”њв”Ђв”Ђ multihash-derive feature "std"
в”‚   в”‚   в”‚   в”‚   в”‚   в”‚   в””в”Ђв”Ђ multihash-derive v0.8.1 (proc-macro) (*)
в”‚   в”‚   в”‚   в”‚   в”‚   в””в”Ђв”Ђ unsigned-varint feature "std"
в”‚   в”‚   в”‚   в”‚   в”‚       в””в”Ђв”Ђ unsigned-varint v0.7.2
в”‚   в”‚   в”‚   в”‚   в”њв”Ђв”Ђ unsigned-varint feature "default"
в”‚   в”‚   в”‚   в”‚   в”‚   в””в”Ђв”Ђ unsigned-varint v0.7.2
в”‚   в”‚   в”‚   в”‚   в””в”Ђв”Ђ percent-encoding feature "default"
в”‚   в”‚   в”‚   в”‚       в”њв”Ђв”Ђ percent-encoding v2.3.1
в”‚   в”‚   в”‚   в”‚       в””в”Ђв”Ђ percent-encoding feature "std"
в”‚   в”‚   в”‚   в”‚           в”њв”Ђв”Ђ percent-encoding v2.3.1
в”‚   в”‚   в”‚   в”‚           в””в”Ђв”Ђ percent-encoding feature "alloc" (*)
в”‚   в”‚   в”‚   в””в”Ђв”Ђ multiaddr feature "url"
в”‚   в”‚   в”‚       в””в”Ђв”Ђ multiaddr v0.14.0 (*)
в”‚   в”‚   в”њв”Ђв”Ђ multihash feature "identity" (*)
в”‚   в”‚   в”њв”Ђв”Ђ multihash feature "multihash-impl" (*)
в”‚   в”‚   в”њв”Ђв”Ђ multihash feature "sha2"
в”‚   в”‚   в”‚   в”њв”Ђв”Ђ multihash v0.16.3 (*)
в”‚   в”‚   в”‚   в”њв”Ђв”Ђ multihash feature "digest"
в”‚   в”‚   в”‚   в”‚   в””в”Ђв”Ђ multihash v0.16.3 (*)
в”‚   в”‚   в”‚   в””в”Ђв”Ђ multihash feature "sha-2"
в”‚   в”‚   в”‚       в””в”Ђв”Ђ multihash v0.16.3 (*)
в”‚   в”‚   в”њв”Ђв”Ђ multihash feature "std" (*)
в”‚   в”‚   в”њв”Ђв”Ђ serde_json feature "default"
в”‚   в”‚   в”‚   в”њв”Ђв”Ђ serde_json v1.0.140
в”‚   в”‚   в”‚   в”‚   в”њв”Ђв”Ђ memchr v2.7.4
в”‚   в”‚   в”‚   в”‚   в”њв”Ђв”Ђ serde v1.0.219 (*)
в”‚   в”‚   в”‚   в”‚   в”њв”Ђв”Ђ itoa feature "default"
в”‚   в”‚   в”‚   в”‚   в”‚   в””в”Ђв”Ђ itoa v1.0.15
в”‚   в”‚   в”‚   в”‚   в””в”Ђв”Ђ ryu feature "default"
в”‚   в”‚   в”‚   в”‚       в””в”Ђв”Ђ ryu v1.0.20
в”‚   в”‚   в”‚   в””в”Ђв”Ђ serde_json feature "std"
в”‚   в”‚   в”‚       в”њв”Ђв”Ђ serde_json v1.0.140 (*)
в”‚   в”‚   в”‚       в”њв”Ђв”Ђ serde feature "std" (*)
в”‚   в”‚   в”‚       в””в”Ђв”Ђ memchr feature "std"
в”‚   в”‚   в”‚           в”њв”Ђв”Ђ memchr v2.7.4
в”‚   в”‚   в”‚           в””в”Ђв”Ђ memchr feature "alloc"
в”‚   в”‚   в”‚               в””в”Ђв”Ђ memchr v2.7.4
в”‚   в”‚   в”њв”Ђв”Ђ serde_yaml feature "default"
в”‚   в”‚   в”‚   в””в”Ђв”Ђ serde_yaml v0.8.26
в”‚   в”‚   в”‚       в”њв”Ђв”Ђ serde feature "default" (*)
в”‚   в”‚   в”‚       в”њв”Ђв”Ђ ryu feature "default" (*)
в”‚   в”‚   в”‚       в”њв”Ђв”Ђ indexmap feature "default"
в”‚   в”‚   в”‚       в”‚   в””в”Ђв”Ђ indexmap v1.9.3
в”‚   в”‚   в”‚       в”‚       в””в”Ђв”Ђ hashbrown feature "raw"
в”‚   в”‚   в”‚       в”‚           в””в”Ђв”Ђ hashbrown v0.12.3
в”‚   в”‚   в”‚       в”‚       [build-dependencies]
в”‚   в”‚   в”‚       в”‚       в””в”Ђв”Ђ autocfg feature "default" (*)
в”‚   в”‚   в”‚       в”њв”Ђв”Ђ indexmap feature "std"
в”‚   в”‚   в”‚       в”‚   в””в”Ђв”Ђ indexmap v1.9.3 (*)
в”‚   в”‚   в”‚       в””в”Ђв”Ђ yaml-rust feature "default"
в”‚   в”‚   в”‚           в””в”Ђв”Ђ yaml-rust v0.4.5
в”‚   в”‚   в”‚               в””в”Ђв”Ђ linked-hash-map feature "default"
в”‚   в”‚   в”‚                   в””в”Ђв”Ђ linked-hash-map v0.5.6
в”‚   в”‚   в”њв”Ђв”Ђ sha2 feature "default"
в”‚   в”‚   в”‚   в”њв”Ђв”Ђ sha2 v0.9.9 (*)
в”‚   в”‚   в”‚   в””в”Ђв”Ђ sha2 feature "std"
в”‚   в”‚   в”‚       в”њв”Ђв”Ђ sha2 v0.9.9 (*)
в”‚   в”‚   в”‚       в””в”Ђв”Ђ digest feature "std"
в”‚   в”‚   в”‚           в”њв”Ђв”Ђ digest v0.9.0 (*)
в”‚   в”‚   в”‚           в””в”Ђв”Ђ digest feature "alloc"
в”‚   в”‚   в”‚               в””в”Ђв”Ђ digest v0.9.0 (*)
в”‚   в”‚   в”њв”Ђв”Ђ ssz-rs feature "default"
в”‚   в”‚   в”‚   в”њв”Ђв”Ђ ssz-rs v0.8.0 (/home/ubuntu/Zipline-Casper/finality-client/libs/ssz-rs/ssz-rs) (*)
в”‚   в”‚   в”‚   в”њв”Ђв”Ђ ssz-rs feature "serde"
в”‚   в”‚   в”‚   в”‚   в””в”Ђв”Ђ ssz-rs v0.8.0 (/home/ubuntu/Zipline-Casper/finality-client/libs/ssz-rs/ssz-rs) (*)
в”‚   в”‚   в”‚   в””в”Ђв”Ђ ssz-rs feature "std"
в”‚   в”‚   в”‚       в”њв”Ђв”Ђ ssz-rs v0.8.0 (/home/ubuntu/Zipline-Casper/finality-client/libs/ssz-rs/ssz-rs) (*)
в”‚   в”‚   в”‚       в”њв”Ђв”Ђ bitvec feature "default"
в”‚   в”‚   в”‚       в”‚   в”њв”Ђв”Ђ bitvec v1.0.1 (*)
в”‚   в”‚   в”‚       в”‚   в”њв”Ђв”Ђ bitvec feature "atomic"
в”‚   в”‚   в”‚       в”‚   в”‚   в””в”Ђв”Ђ bitvec v1.0.1 (*)
в”‚   в”‚   в”‚       в”‚   в””в”Ђв”Ђ bitvec feature "std"
в”‚   в”‚   в”‚       в”‚       в”њв”Ђв”Ђ bitvec v1.0.1 (*)
в”‚   в”‚   в”‚       в”‚       в””в”Ђв”Ђ bitvec feature "alloc" (*)
в”‚   в”‚   в”‚       в”њв”Ђв”Ђ num-bigint feature "default" (*)
в”‚   в”‚   в”‚       в”њв”Ђв”Ђ sha2 feature "default" (*)
в”‚   в”‚   в”‚       в””в”Ђв”Ђ sha2 feature "default"
в”‚   в”‚   в”‚           в”њв”Ђв”Ђ sha2 v0.9.9 (*)
в”‚   в”‚   в”‚           в””в”Ђв”Ђ sha2 feature "std"
в”‚   в”‚   в”‚               в”њв”Ђв”Ђ sha2 v0.9.9 (*)
в”‚   в”‚   в”‚               в””в”Ђв”Ђ digest feature "std"
в”‚   в”‚   в”‚                   в”њв”Ђв”Ђ digest v0.9.0 (*)
в”‚   в”‚   в”‚                   в””в”Ђв”Ђ digest feature "alloc"
в”‚   в”‚   в”‚                       в””в”Ђв”Ђ digest v0.9.0 (*)
в”‚   в”‚   в”њв”Ђв”Ђ thiserror feature "default" (*)
в”‚   в”‚   в”њв”Ђв”Ђ tokio feature "default"
в”‚   в”‚   в”‚   в””в”Ђв”Ђ tokio v1.45.1
в”‚   в”‚   в”‚       в”њв”Ђв”Ђ mio v1.0.4
в”‚   в”‚   в”‚       в”њв”Ђв”Ђ pin-project-lite feature "default" (*)
в”‚   в”‚   в”‚       в”њв”Ђв”Ђ bytes feature "default" (*)
в”‚   в”‚   в”‚       в”њв”Ђв”Ђ parking_lot feature "default"
в”‚   в”‚   в”‚       в”‚   в””в”Ђв”Ђ parking_lot v0.12.3
в”‚   в”‚   в”‚       в”‚       в”њв”Ђв”Ђ lock_api feature "default" (*)
в”‚   в”‚   в”‚       в”‚       в””в”Ђв”Ђ parking_lot_core feature "default"
в”‚   в”‚   в”‚       в”‚           в””в”Ђв”Ђ parking_lot_core v0.9.10
в”‚   в”‚   в”‚       в”‚               в”њв”Ђв”Ђ cfg-if feature "default" (*)
в”‚   в”‚   в”‚       в”‚               в””в”Ђв”Ђ smallvec feature "default" (*)
в”‚   в”‚   в”‚       в”њв”Ђв”Ђ socket2 feature "all"
в”‚   в”‚   в”‚       в”‚   в””в”Ђв”Ђ socket2 v0.5.10
в”‚   в”‚   в”‚       в”њв”Ђв”Ђ socket2 feature "default"
в”‚   в”‚   в”‚       в”‚   в””в”Ђв”Ђ socket2 v0.5.10
в”‚   в”‚   в”‚       в””в”Ђв”Ђ tokio-macros feature "default"
в”‚   в”‚   в”‚           в””в”Ђв”Ђ tokio-macros v2.5.0 (proc-macro)
в”‚   в”‚   в”‚               в”њв”Ђв”Ђ syn feature "default" (*)
в”‚   в”‚   в”‚               в”њв”Ђв”Ђ syn feature "full" (*)
в”‚   в”‚   в”‚               в”њв”Ђв”Ђ proc-macro2 feature "default" (*)
в”‚   в”‚   в”‚               в””в”Ђв”Ђ quote feature "default" (*)
в”‚   в”‚   в”њв”Ђв”Ђ tokio feature "full"
в”‚   в”‚   в”‚   в”њв”Ђв”Ђ tokio v1.45.1 (*)
в”‚   в”‚   в”‚   в”њв”Ђв”Ђ tokio feature "fs"
в”‚   в”‚   в”‚   в”‚   в””в”Ђв”Ђ tokio v1.45.1 (*)
в”‚   в”‚   в”‚   в”њв”Ђв”Ђ tokio feature "io-std"
в”‚   в”‚   в”‚   в”‚   в””в”Ђв”Ђ tokio v1.45.1 (*)
в”‚   в”‚   в”‚   в”њв”Ђв”Ђ tokio feature "io-util"
в”‚   в”‚   в”‚   в”‚   в”њв”Ђв”Ђ tokio v1.45.1 (*)
в”‚   в”‚   в”‚   в”‚   в””в”Ђв”Ђ tokio feature "bytes"
в”‚   в”‚   в”‚   в”‚       в””в”Ђв”Ђ tokio v1.45.1 (*)
в”‚   в”‚   в”‚   в”њв”Ђв”Ђ tokio feature "macros"
в”‚   в”‚   в”‚   в”‚   в”њв”Ђв”Ђ tokio v1.45.1 (*)
в”‚   в”‚   в”‚   в”‚   в””в”Ђв”Ђ tokio feature "tokio-macros"
в”‚   в”‚   в”‚   в”‚       в””в”Ђв”Ђ tokio v1.45.1 (*)
в”‚   в”‚   в”‚   в”њв”Ђв”Ђ tokio feature "net"
в”‚   в”‚   в”‚   в”‚   в”њв”Ђв”Ђ tokio v1.45.1 (*)
в”‚   в”‚   в”‚   в”‚   в”њв”Ђв”Ђ tokio feature "libc"
в”‚   в”‚   в”‚   в”‚   в”‚   в””в”Ђв”Ђ tokio v1.45.1 (*)
в”‚   в”‚   в”‚   в”‚   в”њв”Ђв”Ђ tokio feature "mio"
в”‚   в”‚   в”‚   в”‚   в”‚   в””в”Ђв”Ђ tokio v1.45.1 (*)
в”‚   в”‚   в”‚   в”‚   в”њв”Ђв”Ђ tokio feature "socket2"
в”‚   в”‚   в”‚   в”‚   в”‚   в””в”Ђв”Ђ tokio v1.45.1 (*)
в”‚   в”‚   в”‚   в”‚   в”њв”Ђв”Ђ mio feature "net"
в”‚   в”‚   в”‚   в”‚   в”‚   в””в”Ђв”Ђ mio v1.0.4
в”‚   в”‚   в”‚   в”‚   в”њв”Ђв”Ђ mio feature "os-ext"
в”‚   в”‚   в”‚   в”‚   в”‚   в”њв”Ђв”Ђ mio v1.0.4
в”‚   в”‚   в”‚   в”‚   в”‚   в””в”Ђв”Ђ mio feature "os-poll"
в”‚   в”‚   в”‚   в”‚   в”‚       в””в”Ђв”Ђ mio v1.0.4
в”‚   в”‚   в”‚   в”‚   в””в”Ђв”Ђ mio feature "os-poll" (*)
в”‚   в”‚   в”‚   в”њв”Ђв”Ђ tokio feature "parking_lot"
в”‚   в”‚   в”‚   в”‚   в””в”Ђв”Ђ tokio v1.45.1 (*)
в”‚   в”‚   в”‚   в”њв”Ђв”Ђ tokio feature "process"
в”‚   в”‚   в”‚   в”‚   в”њв”Ђв”Ђ tokio v1.45.1 (*)
в”‚   в”‚   в”‚   в”‚   в”њв”Ђв”Ђ tokio feature "bytes" (*)
в”‚   в”‚   в”‚   в”‚   в”њв”Ђв”Ђ tokio feature "libc" (*)
в”‚   в”‚   в”‚   в”‚   в”њв”Ђв”Ђ tokio feature "mio" (*)
в”‚   в”‚   в”‚   в”‚   в”њв”Ђв”Ђ tokio feature "signal-hook-registry"
в”‚   в”‚   в”‚   в”‚   в”‚   в””в”Ђв”Ђ tokio v1.45.1 (*)
в”‚   в”‚   в”‚   в”‚   в”њв”Ђв”Ђ mio feature "net" (*)
в”‚   в”‚   в”‚   в”‚   в”њв”Ђв”Ђ mio feature "os-ext" (*)
в”‚   в”‚   в”‚   в”‚   в””в”Ђв”Ђ mio feature "os-poll" (*)
в”‚   в”‚   в”‚   в”њв”Ђв”Ђ tokio feature "rt"
в”‚   в”‚   в”‚   в”‚   в””в”Ђв”Ђ tokio v1.45.1 (*)
в”‚   в”‚   в”‚   в”њв”Ђв”Ђ tokio feature "rt-multi-thread"
в”‚   в”‚   в”‚   в”‚   в”њв”Ђв”Ђ tokio v1.45.1 (*)
в”‚   в”‚   в”‚   в”‚   в””в”Ђв”Ђ tokio feature "rt" (*)
в”‚   в”‚   в”‚   в”њв”Ђв”Ђ tokio feature "signal"
в”‚   в”‚   в”‚   в”‚   в”њв”Ђв”Ђ tokio v1.45.1 (*)
в”‚   в”‚   в”‚   в”‚   в”њв”Ђв”Ђ tokio feature "libc" (*)
в”‚   в”‚   в”‚   в”‚   в”њв”Ђв”Ђ tokio feature "mio" (*)
в”‚   в”‚   в”‚   в”‚   в”њв”Ђв”Ђ tokio feature "signal-hook-registry" (*)
в”‚   в”‚   в”‚   в”‚   в”њв”Ђв”Ђ mio feature "net" (*)
в”‚   в”‚   в”‚   в”‚   в”њв”Ђв”Ђ mio feature "os-ext" (*)
в”‚   в”‚   в”‚   в”‚   в””в”Ђв”Ђ mio feature "os-poll" (*)
в”‚   в”‚   в”‚   в”њв”Ђв”Ђ tokio feature "sync"
в”‚   в”‚   в”‚   в”‚   в””в”Ђв”Ђ tokio v1.45.1 (*)
в”‚   в”‚   в”‚   в””в”Ђв”Ђ tokio feature "time"
в”‚   в”‚   в”‚       в””в”Ђв”Ђ tokio v1.45.1 (*)
в”‚   в”‚   в””в”Ђв”Ђ tokio-stream feature "default"
в”‚   в”‚       в”њв”Ђв”Ђ tokio-stream v0.1.17
в”‚   в”‚       в”‚   в”њв”Ђв”Ђ futures-core feature "default" (*)
в”‚   в”‚       в”‚   в”њв”Ђв”Ђ pin-project-lite feature "default" (*)
в”‚   в”‚       в”‚   в”њв”Ђв”Ђ tokio feature "default" (*)
в”‚   в”‚       в”‚   в””в”Ђв”Ђ tokio feature "sync" (*)
в”‚   в”‚       в””в”Ђв”Ђ tokio-stream feature "time"
в”‚   в”‚           в”њв”Ђв”Ђ tokio-stream v0.1.17 (*)
в”‚   в”‚           в””в”Ђв”Ђ tokio feature "time" (*)
в”‚   в”њв”Ђв”Ђ ethereum-consensus feature "async"
в”‚   в”‚   в”њв”Ђв”Ђ ethereum-consensus v0.1.1 (https://github.com/nulltea/ethereum-consensus?rev=facd29481b844c864434b9d6d580ce081ddd6570#facd2948) (*)
в”‚   в”‚   в”њв”Ђв”Ђ ethereum-consensus feature "async-stream"
в”‚   в”‚   в”‚   в””в”Ђв”Ђ ethereum-consensus v0.1.1 (https://github.com/nulltea/ethereum-consensus?rev=facd29481b844c864434b9d6d580ce081ddd6570#facd2948) (*)
в”‚   в”‚   в”њв”Ђв”Ђ ethereum-consensus feature "tokio"
в”‚   в”‚   в”‚   в””в”Ђв”Ђ ethereum-consensus v0.1.1 (https://github.com/nulltea/ethereum-consensus?rev=facd29481b844c864434b9d6d580ce081ddd6570#facd2948) (*)
в”‚   в”‚   в””в”Ђв”Ђ ethereum-consensus feature "tokio-stream"
в”‚   в”‚       в””в”Ђв”Ђ ethereum-consensus v0.1.1 (https://github.com/nulltea/ethereum-consensus?rev=facd29481b844c864434b9d6d580ce081ddd6570#facd2948) (*)
в”‚   в””в”Ђв”Ђ ethereum-consensus feature "serde"
в”‚       в”њв”Ђв”Ђ ethereum-consensus v0.1.1 (https://github.com/nulltea/ethereum-consensus?rev=facd29481b844c864434b9d6d580ce081ddd6570#facd2948) (*)
в”‚       в”њв”Ђв”Ђ ethereum-consensus feature "hex"
в”‚       в”‚   в””в”Ђв”Ђ ethereum-consensus v0.1.1 (https://github.com/nulltea/ethereum-consensus?rev=facd29481b844c864434b9d6d580ce081ddd6570#facd2948) (*)
в”‚       в”њв”Ђв”Ђ ethereum-consensus feature "serde_json"
в”‚       в”‚   в””в”Ђв”Ђ ethereum-consensus v0.1.1 (https://github.com/nulltea/ethereum-consensus?rev=facd29481b844c864434b9d6d580ce081ddd6570#facd2948) (*)
в”‚       в””в”Ђв”Ђ ethereum-consensus feature "serde_yaml"
в”‚           в””в”Ђв”Ђ ethereum-consensus v0.1.1 (https://github.com/nulltea/ethereum-consensus?rev=facd29481b844c864434b9d6d580ce081ddd6570#facd2948) (*)
в”њв”Ђв”Ђ ethereum-consensus feature "serde" (*)
в”њв”Ђв”Ђ log feature "default" (*)
в”њв”Ђв”Ђ openvm feature "default"
в”‚   в””в”Ђв”Ђ openvm v1.2.0 (https://github.com/openvm-org/openvm.git#bdb4831f)
в”‚       в”њв”Ђв”Ђ openvm-custom-insn v0.1.0 (proc-macro) (https://github.com/openvm-org/openvm.git#bdb4831f) (*)
в”‚       в”њв”Ђв”Ђ openvm-rv32im-guest v1.2.0 (https://github.com/openvm-org/openvm.git#bdb4831f) (*)
в”‚       в”њв”Ђв”Ђ serde feature "alloc" (*)
в”‚       в”њв”Ђв”Ђ serde feature "derive" (*)
в”‚       в”њв”Ђв”Ђ bytemuck feature "extern_crate_alloc" (*)
в”‚       в”њв”Ђв”Ђ openvm-platform feature "export-getrandom"
в”‚       в”‚   в””в”Ђв”Ђ openvm-platform v1.2.0 (https://github.com/openvm-org/openvm.git#bdb4831f) (*)
в”‚       в””в”Ђв”Ђ openvm-platform feature "rust-runtime"
в”‚           в”њв”Ђв”Ђ openvm-platform v1.2.0 (https://github.com/openvm-org/openvm.git#bdb4831f) (*)
в”‚           в””в”Ђв”Ђ openvm-platform feature "export-libm"
в”‚               в””в”Ђв”Ђ openvm-platform v1.2.0 (https://github.com/openvm-org/openvm.git#bdb4831f) (*)
в”њв”Ђв”Ђ preimage-oracle feature "hashmap-oracle"
в”‚   в””в”Ђв”Ђ preimage-oracle v0.1.0 (/home/ubuntu/Zipline-Casper/preimage-oracle)
в”‚       в”њв”Ђв”Ђ bitvec v1.0.1 (*)
в”‚       в”њв”Ђв”Ђ log feature "default" (*)
в”‚       в””в”Ђв”Ђ heapless feature "default"
в”‚           в”њв”Ђв”Ђ heapless v0.7.17
в”‚           в”‚   в”њв”Ђв”Ђ stable_deref_trait v1.2.0
в”‚           в”‚   в””в”Ђв”Ђ hash32 feature "default"
в”‚           в”‚       в””в”Ђв”Ђ hash32 v0.2.1
в”‚           в”‚           в””в”Ђв”Ђ byteorder v1.5.0
в”‚           в”‚   [build-dependencies]
в”‚           в”‚   в””в”Ђв”Ђ rustc_version feature "default"
в”‚           в”‚       в””в”Ђв”Ђ rustc_version v0.4.1
в”‚           в”‚           в””в”Ђв”Ђ semver feature "default"
в”‚           в”‚               в”њв”Ђв”Ђ semver v1.0.26
в”‚           в”‚               в””в”Ђв”Ђ semver feature "std"
в”‚           в”‚                   в””в”Ђв”Ђ semver v1.0.26
в”‚           в””в”Ђв”Ђ heapless feature "cas"
в”‚               в”њв”Ђв”Ђ heapless v0.7.17 (*)
в”‚               в””в”Ђв”Ђ heapless feature "atomic-polyfill"
в”‚                   в””в”Ђв”Ђ heapless v0.7.17 (*)
в”њв”Ђв”Ђ zipline-finality-client feature "default"
в”‚   в””в”Ђв”Ђ zipline-finality-client v0.1.0 (/home/ubuntu/Zipline-Casper/finality-client)
в”‚       в”њв”Ђв”Ђ hex v0.4.3 (*)
в”‚       в”њв”Ђв”Ђ once_cell v1.21.3
в”‚       в”њв”Ђв”Ђ ssz-rs v0.8.0 (/home/ubuntu/Zipline-Casper/finality-client/libs/ssz-rs/ssz-rs) (*)
в”‚       в”њв”Ђв”Ђ crypto feature "default" (*)
в”‚       в”њв”Ђв”Ђ typenum feature "default" (*)
в”‚       в”њв”Ђв”Ђ serde feature "default" (*)
в”‚       в”њв”Ђв”Ђ serde feature "derive" (*)
в”‚       в”њв”Ђв”Ђ log feature "default" (*)
в”‚       в”њв”Ђв”Ђ preimage-oracle feature "hashmap-oracle" (*)
в”‚       в”њв”Ђв”Ђ preimage-oracle feature "ssz"
в”‚       в”‚   в””в”Ђв”Ђ preimage-oracle v0.1.0 (/home/ubuntu/Zipline-Casper/preimage-oracle) (*)
в”‚       в”њв”Ђв”Ђ validator-shuffling feature "default"
в”‚       в”‚   в””в”Ђв”Ђ validator-shuffling v0.1.0 (/home/ubuntu/Zipline-Casper/finality-client/libs/validator-shuffling)
в”‚       в”‚       в”њв”Ђв”Ђ crypto feature "default" (*)
в”‚       в”‚       в””в”Ђв”Ђ zipline-spec feature "default"
в”‚       в”‚           в””в”Ђв”Ђ zipline-spec v0.1.0 (/home/ubuntu/Zipline-Casper/finality-client/libs/zipline-spec)
в”‚       в”‚               в”њв”Ђв”Ђ ssz-rs v0.8.0 (/home/ubuntu/Zipline-Casper/finality-client/libs/ssz-rs/ssz-rs) (*)
в”‚       в”‚               в”њв”Ђв”Ђ typenum feature "default" (*)
в”‚       в”‚               в””в”Ђв”Ђ hex-literal feature "default"
в”‚       в”‚                   в””в”Ђв”Ђ hex-literal v0.3.4 (proc-macro)
в”‚       в””в”Ђв”Ђ zipline-spec feature "default" (*)
в””в”Ђв”Ђ zipline-spec feature "default" (*)
